SF:lib/core/database/database_helper.dart
DA:12,6
DA:13,4
DA:17,2
DA:18,2
DA:22,2
DA:24,2
DA:25,2
DA:26,2
DA:28,2
DA:29,4
DA:34,0
DA:36,0
DA:40,0
DA:41,0
DA:44,0
DA:47,0
DA:48,0
DA:49,0
DA:52,0
DA:53,0
DA:55,0
DA:56,0
DA:57,0
DA:59,0
DA:61,0
DA:62,0
DA:65,0
DA:66,0
DA:70,0
DA:71,0
DA:74,0
DA:75,0
DA:77,0
DA:78,0
DA:79,0
DA:80,0
DA:81,0
DA:82,0
DA:83,0
DA:84,0
DA:85,0
DA:86,0
DA:87,0
DA:88,0
DA:89,0
DA:93,0
DA:96,0
DA:97,0
DA:102,0
DA:103,0
DA:104,0
DA:106,0
DA:111,0
DA:112,0
DA:113,0
DA:115,0
DA:117,0
DA:119,0
DA:123,0
DA:124,0
DA:127,0
DA:128,0
DA:132,0
DA:133,0
DA:134,0
DA:136,0
DA:137,0
DA:139,0
DA:141,0
DA:143,0
DA:147,0
DA:148,0
DA:151,0
DA:152,0
DA:156,0
DA:157,0
DA:158,0
DA:160,0
DA:163,0
DA:167,0
DA:168,0
DA:169,0
DA:171,0
DA:174,0
DA:175,0
DA:176,0
DA:177,0
DA:178,0
DA:185,0
DA:190,0
DA:191,0
DA:193,0
DA:194,0
DA:196,0
DA:198,0
DA:200,0
DA:204,0
DA:205,0
DA:209,0
DA:210,0
DA:212,0
DA:213,0
DA:215,0
DA:216,0
DA:217,0
DA:218,0
DA:219,0
DA:220,0
DA:221,0
DA:222,0
DA:223,0
DA:224,0
DA:225,0
DA:226,0
DA:227,0
DA:231,0
DA:235,0
DA:241,0
DA:242,0
DA:243,0
DA:245,0
DA:249,0
DA:250,0
DA:251,0
DA:253,0
DA:257,0
DA:258,0
DA:261,0
DA:262,0
DA:264,0
DA:266,0
DA:268,0
DA:272,0
DA:273,0
DA:274,0
DA:279,0
DA:280,0
DA:283,0
DA:286,0
DA:287,0
DA:290,0
DA:291,0
DA:292,0
DA:293,0
DA:294,0
DA:296,0
DA:301,0
DA:304,0
DA:305,0
DA:309,1
DA:316,1
DA:319,1
DA:320,0
DA:322,1
DA:323,1
DA:325,1
DA:327,1
DA:331,1
DA:334,1
DA:337,1
DA:339,1
DA:344,1
DA:346,1
DA:348,2
DA:349,1
DA:350,1
DA:351,1
DA:354,1
DA:355,1
DA:356,0
DA:360,1
DA:361,1
DA:362,0
DA:367,1
DA:369,3
DA:370,1
DA:371,0
DA:377,1
DA:379,1
DA:380,1
DA:382,0
LF:181
LH:37
end_of_record
SF:lib/core/preferences/pref_helper.dart
DA:5,2
DA:7,0
DA:8,0
DA:9,0
DA:12,0
DA:13,0
DA:14,0
DA:17,0
DA:18,0
DA:22,0
DA:23,0
DA:24,0
DA:28,1
DA:29,1
DA:30,1
DA:33,1
DA:34,1
DA:35,1
DA:38,0
DA:40,0
DA:43,0
DA:47,0
DA:48,0
DA:49,0
DA:52,0
DA:53,0
DA:54,0
DA:57,0
DA:59,0
DA:62,0
DA:66,1
DA:67,1
DA:68,1
DA:71,1
DA:72,1
DA:73,1
DA:76,0
DA:77,0
DA:80,0
DA:84,1
DA:85,1
DA:86,1
LF:42
LH:16
end_of_record
SF:lib/features/smart_crop/cache/crop_cache_dao.dart
DA:9,2
DA:11,2
DA:12,4
DA:14,2
DA:16,2
DA:20,0
DA:24,1
DA:25,2
DA:27,1
DA:30,1
DA:33,1
DA:34,0
DA:35,0
DA:36,0
DA:38,0
DA:42,0
DA:43,0
DA:45,0
DA:48,0
DA:51,0
DA:53,0
DA:57,0
DA:58,0
DA:60,0
DA:61,0
DA:62,0
DA:65,0
DA:69,0
DA:70,0
DA:72,0
DA:74,0
DA:76,0
DA:79,0
DA:83,1
DA:84,2
DA:86,1
DA:89,1
DA:92,0
DA:96,0
DA:97,0
DA:99,0
DA:102,0
DA:105,0
DA:109,0
DA:110,0
DA:112,0
DA:115,0
DA:118,0
DA:119,0
DA:123,1
DA:124,2
DA:125,3
DA:127,1
DA:130,1
DA:133,0
DA:137,0
DA:138,0
DA:140,0
DA:142,0
DA:146,0
DA:149,0
DA:150,0
DA:152,0
DA:153,0
DA:154,0
DA:155,0
DA:162,0
DA:163,0
DA:164,0
DA:165,0
DA:166,0
DA:172,0
DA:173,0
DA:175,0
DA:177,0
DA:179,0
DA:181,0
DA:184,0
DA:185,0
DA:187,0
DA:191,0
DA:192,0
DA:194,0
DA:196,0
DA:200,0
DA:201,0
DA:204,0
DA:207,0
DA:209,0
DA:217,0
DA:221,1
DA:222,2
DA:224,1
DA:226,0
DA:230,1
DA:233,1
DA:235,2
DA:237,1
DA:238,1
DA:241,0
DA:242,0
DA:248,0
DA:249,0
DA:250,0
DA:251,0
DA:252,0
DA:258,0
DA:263,0
DA:264,0
DA:265,0
DA:271,0
DA:275,0
LF:112
LH:27
end_of_record
SF:lib/features/smart_crop/cache/crop_cache_entry.dart
DA:35,2
DA:49,1
DA:57,1
DA:58,1
DA:72,0
DA:73,0
DA:74,0
DA:75,0
DA:76,0
DA:77,0
DA:78,0
DA:79,0
DA:80,0
DA:81,0
DA:82,0
DA:83,0
DA:88,0
DA:100,0
DA:101,0
DA:102,0
DA:103,0
DA:104,0
DA:105,0
DA:106,0
DA:107,0
DA:108,0
DA:109,0
DA:110,0
DA:115,2
DA:116,2
DA:117,2
DA:118,2
DA:119,2
DA:120,2
DA:121,2
DA:122,2
DA:123,4
DA:124,4
DA:125,4
DA:126,4
DA:127,4
DA:128,4
DA:129,4
DA:130,4
DA:131,2
DA:136,0
DA:137,0
DA:138,0
DA:139,0
DA:140,0
DA:141,0
DA:142,0
DA:143,0
DA:144,0
DA:145,0
DA:146,0
DA:147,0
DA:148,0
DA:149,0
DA:150,0
DA:152,0
DA:154,0
DA:155,0
DA:160,0
DA:161,0
DA:165,0
DA:168,0
DA:170,0
DA:172,0
DA:173,0
DA:176,0
DA:179,0
DA:180,0
DA:181,0
DA:184,0
DA:186,0
LF:76
LH:21
end_of_record
SF:lib/features/smart_crop/cache/crop_cache_models.dart
DA:9,2
DA:18,0
DA:21,0
DA:22,0
DA:23,0
DA:26,0
DA:28,0
DA:29,0
DA:40,0
DA:47,0
DA:49,0
DA:51,0
DA:52,0
DA:60,0
DA:62,0
DA:63,0
LF:16
LH:1
end_of_record
SF:lib/features/smart_crop/cache/crop_cache_database.dart
DA:13,3
DA:18,2
DA:20,1
DA:22,1
DA:23,1
DA:27,1
DA:32,1
DA:33,1
DA:36,1
DA:39,1
DA:40,1
DA:44,0
DA:45,0
DA:65,0
DA:66,0
DA:67,0
DA:68,0
DA:71,0
DA:74,0
DA:75,0
DA:87,0
DA:91,0
DA:92,0
DA:93,0
DA:97,0
DA:100,0
DA:105,0
DA:109,0
LF:28
LH:11
end_of_record
SF:lib/features/smart_crop/models/crop_coordinates.dart
DA:29,19
DA:41,2
DA:51,2
DA:61,2
DA:62,1
DA:63,2
DA:64,1
DA:65,2
DA:66,2
DA:67,0
DA:68,2
DA:69,2
DA:74,9
DA:75,18
DA:76,16
DA:77,16
DA:78,16
DA:79,16
DA:80,16
DA:81,16
DA:82,16
DA:83,32
DA:84,32
DA:85,16
DA:86,16
DA:90,2
DA:91,2
DA:92,2
DA:93,2
DA:94,2
DA:95,2
DA:96,2
DA:97,2
DA:98,2
DA:101,2
DA:102,0
DA:103,0
DA:104,0
DA:105,0
DA:106,0
DA:114,3
DA:116,3
DA:117,0
DA:118,0
DA:119,0
DA:120,0
DA:121,0
DA:122,0
DA:126,3
DA:127,6
DA:128,6
DA:129,6
DA:130,6
DA:131,6
DA:132,3
DA:133,3
DA:138,1
DA:140,9
DA:143,0
DA:146,0
DA:147,0
DA:148,0
DA:149,0
DA:150,0
DA:151,0
DA:152,0
DA:153,0
DA:154,0
DA:157,0
DA:159,0
DA:160,0
LF:71
LH:46
end_of_record
SF:lib/features/smart_crop/cache/crop_cache_hit_rate.dart
DA:9,2
DA:18,3
DA:20,1
DA:22,4
DA:23,2
LF:5
LH:5
end_of_record
SF:lib/features/smart_crop/cache/crop_cache_manager.dart
DA:16,12
DA:20,8
DA:22,4
DA:25,1
DA:26,1
DA:31,1
DA:32,2
DA:37,1
DA:42,1
DA:44,5
DA:45,1
DA:48,1
DA:49,1
DA:50,1
DA:54,1
DA:55,1
DA:56,2
DA:57,1
DA:58,1
DA:59,1
DA:60,1
DA:61,2
DA:64,1
DA:65,1
DA:66,1
DA:67,2
DA:71,1
DA:77,1
DA:78,2
DA:83,0
DA:84,0
DA:89,0
DA:90,0
DA:91,0
DA:95,0
DA:103,1
DA:110,1
DA:111,1
DA:113,1
DA:116,1
DA:117,1
DA:122,2
DA:131,0
DA:133,0
DA:135,0
DA:140,0
DA:142,0
DA:149,0
DA:151,0
DA:152,0
DA:155,0
DA:158,0
DA:166,1
DA:169,3
DA:171,0
DA:182,0
DA:184,0
DA:195,0
DA:201,0
DA:202,0
DA:203,0
DA:205,0
DA:207,0
DA:216,0
DA:220,0
DA:226,0
DA:233,0
DA:242,0
DA:245,0
DA:249,0
DA:250,0
DA:253,0
DA:262,0
DA:264,0
DA:268,0
DA:277,0
DA:278,0
DA:279,0
DA:280,0
DA:281,0
DA:285,0
DA:291,0
DA:293,0
DA:295,0
DA:314,0
DA:316,0
DA:319,0
DA:328,0
DA:329,0
DA:330,0
DA:333,0
DA:336,0
DA:339,0
DA:349,0
DA:350,0
LF:95
LH:38
end_of_record
SF:lib/features/smart_crop/models/crop_settings.dart
DA:56,6
DA:159,2
DA:174,2
DA:175,2
DA:176,2
DA:178,2
DA:179,2
DA:181,2
DA:182,1
DA:184,2
DA:185,2
DA:186,2
DA:187,2
DA:188,2
DA:190,2
DA:191,1
DA:196,0
DA:197,0
DA:198,0
DA:199,0
DA:200,0
DA:201,0
DA:206,0
DA:207,0
DA:210,0
DA:212,0
DA:215,1
DA:218,0
DA:219,0
DA:220,0
DA:221,0
DA:222,0
DA:223,0
DA:224,0
DA:225,0
DA:226,0
DA:227,0
DA:228,0
DA:229,0
DA:230,0
DA:231,0
DA:234,0
DA:236,0
DA:237,0
DA:238,0
DA:239,0
DA:240,0
DA:241,0
DA:242,0
DA:243,0
DA:244,0
DA:245,0
DA:246,0
DA:247,0
DA:248,0
DA:249,0
DA:254,0
DA:255,0
DA:256,0
DA:257,0
DA:258,0
DA:259,0
DA:260,0
DA:261,0
DA:262,0
DA:263,0
DA:264,0
DA:265,0
DA:266,0
DA:267,0
DA:268,0
DA:273,1
DA:274,1
DA:276,2
DA:277,1
DA:278,1
DA:279,1
DA:280,1
DA:282,2
DA:283,1
DA:284,1
DA:285,1
DA:286,2
DA:287,2
DA:288,1
DA:289,1
DA:294,0
DA:295,0
DA:296,0
DA:297,0
DA:298,0
DA:299,0
DA:300,0
DA:301,0
DA:302,0
DA:303,0
DA:304,0
DA:305,0
DA:306,0
DA:307,0
DA:312,0
DA:314,0
DA:315,0
DA:316,0
DA:318,0
DA:319,0
DA:320,0
DA:321,0
DA:322,0
DA:324,0
DA:325,0
DA:326,0
DA:327,0
DA:329,0
DA:334,0
LF:115
LH:32
end_of_record
SF:lib/features/smart_crop/smart_crop_preferences.dart
DA:13,0
DA:14,0
DA:18,0
DA:19,0
DA:23,1
DA:26,1
DA:28,0
DA:29,0
DA:31,0
DA:32,0
DA:35,0
DA:36,0
DA:39,0
DA:40,0
DA:43,0
DA:45,0
DA:49,0
DA:51,0
DA:53,0
DA:55,0
DA:56,0
DA:61,0
DA:68,0
DA:76,0
DA:77,0
DA:81,0
DA:84,0
DA:88,0
DA:89,0
DA:90,0
DA:91,0
DA:92,0
DA:93,0
DA:94,0
DA:95,0
DA:96,0
DA:97,0
DA:98,0
DA:99,0
DA:100,0
DA:101,0
DA:102,0
DA:103,0
DA:104,0
DA:108,0
DA:110,0
DA:117,0
DA:118,0
DA:122,0
DA:123,0
DA:124,0
DA:126,0
DA:130,0
DA:132,0
DA:136,0
DA:137,0
DA:139,0
DA:141,0
DA:149,1
DA:150,1
DA:152,0
DA:155,0
DA:157,0
DA:162,0
DA:167,1
DA:168,1
DA:169,0
DA:173,0
DA:174,0
DA:175,0
DA:179,0
DA:180,0
DA:181,0
DA:183,0
DA:185,0
DA:186,0
DA:187,0
DA:188,0
DA:193,0
DA:195,0
DA:196,0
DA:197,0
DA:199,0
DA:200,0
DA:201,0
DA:202,0
DA:203,0
DA:204,0
DA:205,0
DA:206,0
DA:209,0
DA:215,0
DA:221,0
DA:223,0
DA:224,0
DA:231,0
DA:233,0
DA:234,0
DA:241,0
DA:243,0
DA:244,0
DA:246,0
DA:247,0
DA:248,0
DA:249,0
DA:250,0
DA:253,0
LF:107
LH:6
end_of_record
SF:lib/features/smart_crop/smart_crop_profile_manager.dart
DA:35,0
DA:36,0
DA:37,0
DA:38,0
DA:42,0
DA:43,0
DA:46,0
DA:48,0
DA:50,0
DA:52,0
DA:53,0
DA:54,0
DA:61,0
DA:63,0
DA:64,0
DA:65,0
DA:72,0
DA:74,0
DA:75,0
DA:76,0
DA:88,0
DA:99,0
DA:101,0
DA:106,0
DA:109,0
DA:110,0
DA:112,0
DA:114,0
DA:124,1
DA:125,1
DA:129,1
DA:130,1
DA:134,0
DA:135,0
DA:136,0
DA:137,0
DA:138,0
DA:139,0
DA:145,0
DA:147,0
DA:151,0
DA:152,0
DA:155,0
DA:156,0
DA:163,0
DA:168,0
DA:170,0
DA:171,0
DA:174,0
DA:179,0
DA:184,0
DA:185,0
DA:197,0
DA:199,0
DA:201,0
DA:205,0
DA:210,0
DA:212,0
DA:213,0
DA:214,0
DA:216,0
DA:218,0
DA:219,0
DA:221,0
DA:222,0
DA:223,0
DA:224,0
DA:225,0
DA:228,0
DA:234,0
LF:70
LH:4
end_of_record
SF:lib/l10n/app_localizations.dart
DA:64,3
DA:65,6
DA:69,3
DA:70,3
DA:406,2
DA:408,3
DA:410,6
DA:413,3
DA:415,9
DA:417,0
DA:421,3
DA:423,3
DA:424,3
DA:425,3
DA:428,0
LF:15
LH:13
end_of_record
SF:lib/l10n/app_localizations_en.dart
DA:9,6
DA:11,1
DA:14,0
DA:17,1
DA:20,0
DA:23,0
DA:26,0
DA:29,0
DA:32,0
DA:35,0
DA:38,0
DA:41,0
DA:44,0
DA:47,1
DA:50,0
DA:53,0
DA:56,0
DA:60,0
DA:63,0
DA:66,0
DA:70,0
DA:72,0
DA:75,0
DA:78,0
DA:81,0
DA:85,0
DA:88,0
DA:91,0
DA:94,0
DA:98,0
DA:102,0
DA:106,0
DA:108,0
DA:111,1
DA:114,1
DA:117,1
DA:120,0
DA:123,0
DA:126,0
DA:129,0
DA:133,0
DA:136,0
DA:139,0
DA:142,0
DA:145,0
DA:148,0
DA:151,0
DA:155,0
DA:159,0
DA:162,0
DA:165,0
DA:168,0
DA:171,0
DA:174,0
LF:54
LH:7
end_of_record
SF:lib/widgets/smart_crop_quality_slider.dart
DA:25,1
DA:32,1
DA:34,1
DA:35,1
DA:58,1
DA:60,1
DA:61,4
DA:64,0
DA:66,0
DA:67,0
DA:68,0
DA:69,0
DA:75,3
DA:78,1
DA:81,2
DA:85,1
DA:86,2
DA:87,3
DA:88,2
DA:89,1
DA:90,1
DA:96,1
DA:97,2
DA:99,3
DA:100,3
DA:103,2
DA:104,1
DA:108,1
DA:110,1
DA:112,1
DA:114,1
DA:116,1
DA:118,1
DA:120,4
DA:127,1
DA:130,1
DA:131,2
DA:132,1
DA:133,1
DA:134,2
DA:138,1
DA:139,1
DA:141,1
DA:142,2
DA:143,1
DA:144,2
DA:145,1
DA:146,2
DA:147,1
DA:153,1
DA:154,2
DA:158,3
DA:159,3
DA:164,1
DA:166,1
DA:168,4
DA:169,1
DA:170,1
DA:171,2
DA:172,1
DA:174,1
DA:175,1
DA:177,1
DA:180,4
DA:191,1
DA:198,1
DA:201,1
DA:202,2
DA:203,1
DA:204,1
DA:205,2
DA:208,1
DA:210,1
DA:212,1
DA:213,1
DA:214,1
DA:217,1
DA:218,1
DA:223,1
DA:224,2
DA:226,4
DA:227,1
DA:231,1
DA:233,0
DA:236,0
DA:238,0
DA:248,1
DA:249,1
DA:250,4
DA:251,1
DA:260,2
DA:261,1
DA:262,1
DA:264,4
DA:268,1
DA:270,4
DA:271,1
DA:275,2
DA:276,4
DA:278,1
LF:100
LH:92
end_of_record
SF:lib/data/models/image_item.dart
DA:24,15
DA:31,0
DA:32,0
DA:33,0
DA:34,0
DA:35,0
DA:36,0
DA:37,0
DA:38,0
DA:39,0
DA:40,0
DA:41,0
DA:42,0
DA:43,0
DA:44,0
DA:45,0
DA:46,0
DA:47,0
DA:51,3
DA:66,3
DA:67,3
DA:68,3
DA:69,2
DA:70,3
DA:71,3
DA:72,2
DA:73,3
DA:74,3
DA:75,3
DA:76,3
DA:77,3
DA:78,2
DA:80,6
LF:33
LH:16
end_of_record
SF:lib/core/utils/datetime_helper.dart
DA:4,2
DA:5,8
DA:8,0
DA:9,0
DA:12,1
DA:14,1
DA:15,4
DA:16,1
DA:17,4
DA:19,1
DA:21,0
DA:24,0
DA:28,3
DA:29,6
LF:14
LH:10
end_of_record
SF:lib/features/smart_crop/models/crop_result.dart
DA:25,6
DA:35,2
DA:47,0
DA:55,0
DA:56,0
DA:57,0
DA:58,0
DA:59,0
DA:60,0
DA:61,0
DA:66,2
DA:67,2
DA:68,4
DA:70,4
DA:71,2
DA:72,2
DA:73,2
DA:74,2
DA:79,3
DA:80,3
DA:81,6
DA:82,3
DA:83,3
DA:84,3
DA:85,3
DA:86,3
DA:87,6
DA:91,0
DA:93,0
DA:94,0
DA:97,0
DA:100,0
DA:101,0
DA:102,0
DA:103,0
DA:104,0
DA:105,0
DA:106,0
DA:109,0
DA:111,0
DA:112,0
DA:116,0
DA:117,0
DA:118,0
DA:119,0
DA:148,4
DA:159,3
DA:162,1
DA:171,1
DA:172,1
DA:173,1
DA:174,0
DA:175,1
DA:176,1
DA:177,1
DA:178,1
DA:183,0
DA:184,0
DA:185,0
DA:189,0
DA:190,0
DA:191,0
DA:196,0
DA:197,0
DA:198,0
DA:199,0
DA:200,0
DA:204,0
DA:205,0
DA:209,0
DA:210,0
DA:214,0
DA:215,0
DA:216,0
DA:221,2
DA:222,2
DA:223,4
DA:224,8
DA:225,4
DA:226,2
DA:227,2
DA:228,4
DA:229,2
DA:234,3
DA:235,3
DA:236,6
DA:237,3
DA:238,5
DA:239,3
DA:240,6
DA:241,3
DA:243,6
DA:245,6
DA:247,6
DA:252,2
DA:253,4
DA:257,3
DA:258,6
DA:261,0
DA:263,0
DA:264,0
DA:265,0
DA:268,0
DA:271,0
DA:272,0
DA:273,0
DA:274,0
DA:275,0
DA:276,0
DA:277,0
DA:278,0
DA:281,0
DA:283,0
DA:284,0
DA:288,0
DA:289,0
DA:290,0
DA:291,0
DA:297,0
DA:298,0
DA:299,0
DA:300,0
LF:122
LH:53
end_of_record
SF:lib/features/smart_crop/analyzers/rule_of_thirds_crop_analyzer.dart
DA:13,2
DA:16,1
DA:19,1
DA:22,1
DA:25,2
DA:27,10
DA:30,6
DA:34,2
DA:37,2
DA:39,4
DA:40,2
DA:41,2
DA:43,2
DA:51,0
DA:52,2
DA:54,2
DA:57,2
DA:63,2
DA:65,2
DA:68,2
DA:69,2
DA:72,2
DA:82,4
DA:84,12
DA:86,12
DA:88,4
DA:94,2
DA:99,4
DA:105,2
DA:107,2
DA:110,14
DA:112,14
DA:115,4
DA:116,6
DA:117,0
DA:119,0
DA:123,0
DA:129,4
DA:130,6
DA:131,2
DA:132,3
DA:137,1
DA:146,2
DA:150,6
DA:153,6
DA:156,6
DA:159,6
DA:161,2
DA:165,2
DA:166,8
DA:167,8
DA:170,2
DA:179,4
DA:180,10
DA:181,6
DA:184,6
DA:185,2
DA:192,2
DA:193,6
DA:198,4
DA:199,6
DA:200,10
DA:202,2
DA:204,0
DA:205,0
DA:207,2
DA:208,0
DA:209,0
DA:214,4
DA:215,6
DA:216,10
DA:218,2
DA:219,0
DA:220,0
DA:222,2
DA:223,0
DA:224,0
DA:228,2
DA:232,2
DA:237,2
DA:238,8
DA:239,2
DA:240,8
DA:244,6
DA:247,2
DA:248,6
DA:249,4
DA:251,6
DA:255,2
DA:256,8
DA:257,8
DA:261,12
DA:265,8
DA:267,2
DA:271,2
DA:272,6
DA:274,2
DA:279,2
DA:284,2
DA:285,6
DA:287,2
DA:292,2
DA:297,0
DA:298,0
DA:299,0
DA:301,0
DA:302,0
DA:303,0
DA:307,0
DA:312,2
DA:314,2
DA:315,2
DA:316,2
DA:317,2
DA:318,2
DA:319,6
DA:320,2
DA:321,14
DA:322,12
LF:119
LH:100
end_of_record
SF:lib/features/smart_crop/analyzers/center_weighted_crop_analyzer.dart
DA:14,2
DA:17,1
DA:20,1
DA:23,1
DA:26,2
DA:28,10
DA:31,6
DA:35,2
DA:39,2
DA:41,4
DA:42,2
DA:43,2
DA:45,2
DA:53,0
DA:54,2
DA:56,2
DA:59,2
DA:65,2
DA:67,2
DA:70,2
DA:71,2
DA:74,4
DA:78,2
DA:79,4
DA:80,4
DA:83,4
DA:84,4
DA:85,2
DA:87,4
DA:88,6
DA:89,4
DA:90,4
DA:92,2
DA:93,2
DA:96,10
DA:98,10
DA:100,4
DA:106,2
DA:112,4
DA:118,2
DA:120,2
DA:125,6
DA:127,6
DA:129,4
DA:131,2
DA:132,2
DA:133,2
DA:134,2
DA:135,2
DA:136,6
DA:137,6
DA:138,6
DA:139,6
DA:142,4
DA:143,4
DA:144,2
DA:145,2
DA:149,2
DA:158,2
DA:162,6
DA:165,6
DA:168,6
DA:171,6
DA:173,2
DA:177,2
DA:178,8
DA:179,8
DA:183,12
DA:186,2
DA:189,2
DA:192,6
DA:196,2
DA:198,6
DA:201,2
DA:203,1
DA:204,0
DA:205,1
DA:206,3
DA:208,0
DA:213,2
DA:215,2
DA:216,8
DA:217,2
DA:218,8
DA:221,2
DA:222,4
DA:227,2
DA:229,2
DA:230,2
DA:237,2
DA:239,6
DA:240,6
DA:244,6
DA:247,4
DA:251,2
DA:252,6
DA:254,2
DA:259,2
DA:264,2
DA:265,6
DA:267,2
DA:272,2
DA:277,2
DA:278,2
DA:279,2
DA:281,2
DA:282,4
DA:283,4
DA:287,2
DA:292,2
DA:294,2
DA:295,2
DA:296,2
DA:297,2
DA:299,2
DA:300,6
DA:301,2
DA:302,14
DA:303,12
DA:304,14
DA:305,12
LF:121
LH:118
end_of_record
SF:lib/features/smart_crop/analyzers/entropy_based_crop_analyzer.dart
DA:22,2
DA:23,2
DA:40,1
DA:43,1
DA:46,1
DA:48,1
DA:51,1
DA:54,1
DA:59,2
DA:62,10
DA:63,6
DA:66,2
DA:68,6
DA:69,2
DA:70,2
DA:73,2
DA:76,2
DA:77,2
DA:78,2
DA:79,4
DA:81,2
DA:84,2
DA:90,2
DA:91,4
DA:92,2
DA:94,1
DA:95,2
DA:96,2
DA:101,2
DA:102,6
DA:105,2
DA:107,1
DA:110,2
DA:113,2
DA:114,4
DA:115,4
DA:119,2
LF:37
LH:37
end_of_record
SF:lib/features/smart_crop/analyzers/edge_detection_crop_analyzer.dart
DA:22,1
DA:23,1
DA:40,1
DA:43,0
DA:46,0
DA:48,0
DA:51,0
DA:54,0
DA:59,0
DA:62,0
DA:63,0
DA:66,0
DA:68,0
DA:69,0
DA:70,0
DA:73,0
DA:74,0
DA:75,0
DA:78,0
DA:79,0
DA:80,0
DA:81,0
DA:83,0
DA:86,0
DA:92,0
DA:93,0
DA:94,0
DA:96,0
DA:97,0
DA:98,0
DA:103,0
DA:104,0
DA:107,0
DA:109,0
DA:112,0
DA:115,0
DA:116,0
DA:117,0
DA:121,0
LF:39
LH:3
end_of_record
SF:lib/features/smart_crop/analyzers/landscape_aware_crop_analyzer.dart
DA:20,1
DA:21,1
DA:36,1
DA:39,1
DA:42,0
DA:44,0
DA:47,0
DA:50,0
DA:55,1
DA:58,5
DA:59,3
DA:61,4
DA:62,1
DA:63,1
DA:64,1
DA:66,1
DA:67,1
DA:71,0
DA:73,0
DA:74,0
DA:75,0
DA:78,0
DA:81,0
DA:82,0
DA:83,0
DA:84,0
DA:85,0
DA:88,0
DA:89,0
DA:90,0
DA:92,0
DA:93,0
DA:94,0
DA:101,0
DA:102,0
DA:103,0
DA:104,0
DA:105,0
DA:107,0
DA:108,0
DA:109,0
DA:110,0
DA:112,0
DA:113,0
DA:114,0
DA:115,0
DA:116,0
DA:127,0
DA:128,0
DA:130,0
DA:132,0
DA:133,0
DA:134,0
DA:135,0
DA:139,0
DA:140,0
DA:141,0
DA:142,0
DA:143,0
DA:154,0
DA:155,0
DA:156,0
DA:159,0
DA:160,0
DA:163,0
DA:166,0
DA:167,0
DA:168,0
DA:169,0
DA:170,0
DA:171,0
DA:172,0
DA:173,0
DA:174,0
DA:179,0
DA:180,0
DA:181,0
DA:182,0
DA:183,0
DA:184,0
DA:190,0
DA:195,0
DA:197,0
DA:198,0
DA:205,0
DA:206,0
DA:208,0
LF:87
LH:13
end_of_record
SF:lib/features/smart_crop/analyzers/subject_detection_crop_analyzer.dart
DA:25,1
DA:26,1
DA:41,1
DA:44,1
DA:47,0
DA:49,0
DA:52,0
DA:55,0
DA:60,1
DA:63,5
DA:64,3
DA:66,1
DA:68,4
DA:69,1
DA:70,1
DA:73,1
DA:76,1
DA:77,2
DA:78,1
DA:80,1
DA:81,1
DA:82,2
DA:86,1
DA:87,2
DA:88,2
DA:90,0
DA:91,0
DA:92,0
DA:98,1
DA:99,3
DA:100,1
DA:101,1
DA:102,1
DA:104,1
DA:106,1
DA:107,1
DA:110,1
DA:116,0
DA:117,0
DA:119,0
DA:121,0
DA:122,0
DA:123,0
DA:125,0
DA:128,0
DA:129,0
DA:131,0
DA:132,0
DA:133,0
DA:136,0
DA:137,0
DA:138,0
DA:144,0
DA:147,0
DA:149,0
DA:150,0
DA:151,0
DA:154,0
DA:155,0
DA:156,0
DA:157,0
DA:159,0
DA:160,0
DA:161,0
DA:162,0
DA:163,0
DA:165,0
DA:166,0
DA:167,0
DA:170,0
DA:171,0
DA:174,0
DA:175,0
DA:176,0
DA:179,0
DA:180,0
LF:76
LH:30
end_of_record
SF:lib/features/smart_crop/analyzers/bird_detection_crop_analyzer.dart
DA:19,1
DA:20,1
DA:39,1
DA:42,0
DA:45,0
DA:47,0
DA:50,0
DA:53,0
DA:58,0
DA:61,0
DA:62,0
DA:64,0
DA:66,0
DA:67,0
DA:68,0
DA:71,0
DA:74,0
DA:75,0
DA:76,0
DA:77,0
DA:79,0
DA:82,0
DA:83,0
DA:87,0
DA:88,0
DA:89,0
DA:91,0
DA:92,0
DA:93,0
DA:98,0
DA:99,0
DA:100,0
DA:101,0
DA:102,0
DA:103,0
DA:110,0
DA:111,0
DA:112,0
DA:114,0
DA:117,0
DA:118,0
DA:119,0
DA:121,0
DA:126,0
DA:127,0
DA:128,0
DA:129,0
DA:130,0
DA:132,0
DA:134,0
DA:135,0
DA:136,0
DA:142,0
DA:143,0
DA:144,0
DA:146,0
DA:149,0
DA:150,0
DA:151,0
DA:153,0
DA:156,0
DA:157,0
DA:158,0
DA:159,0
DA:160,0
DA:161,0
DA:168,0
DA:169,0
DA:170,0
DA:171,0
DA:173,0
DA:174,0
DA:175,0
DA:176,0
DA:179,0
DA:180,0
DA:184,0
DA:185,0
DA:186,0
DA:189,0
DA:190,0
DA:199,0
DA:200,0
DA:201,0
DA:202,0
DA:203,0
DA:210,0
DA:212,0
LF:88
LH:3
end_of_record
SF:lib/features/smart_crop/analyzers/face_detection_crop_analyzer.dart
DA:19,3
DA:20,3
DA:39,2
DA:41,2
DA:44,2
DA:47,2
DA:52,3
DA:55,15
DA:56,9
DA:59,3
DA:62,9
DA:63,3
DA:64,3
DA:68,3
DA:69,3
DA:70,3
DA:73,3
DA:74,3
DA:78,9
DA:83,0
DA:85,0
DA:86,0
DA:88,0
DA:91,0
DA:92,0
DA:93,0
DA:94,0
DA:95,0
DA:96,0
DA:97,0
DA:98,0
DA:99,0
DA:100,0
DA:101,0
DA:105,0
DA:106,0
DA:108,0
DA:109,0
DA:111,0
DA:117,3
DA:118,6
DA:119,2
DA:121,2
DA:122,4
DA:123,4
DA:127,0
DA:132,0
DA:133,0
DA:135,0
DA:136,0
DA:138,0
DA:139,0
DA:142,0
DA:144,0
DA:146,0
DA:151,0
DA:152,0
DA:156,0
DA:158,0
DA:159,0
DA:160,0
DA:162,0
DA:163,0
DA:164,0
DA:165,0
DA:166,0
DA:167,0
DA:170,0
DA:172,0
DA:173,0
DA:174,0
DA:175,0
DA:176,0
DA:179,3
DA:180,9
DA:181,3
DA:183,3
DA:186,3
DA:187,9
DA:188,3
DA:190,3
DA:193,3
DA:194,3
DA:195,3
DA:196,3
DA:197,6
DA:198,6
DA:202,3
LF:88
LH:40
end_of_record
SF:lib/features/smart_crop/analyzers/object_detection_crop_analyzer.dart
DA:19,3
DA:20,3
DA:36,2
DA:38,2
DA:41,2
DA:44,2
DA:49,3
DA:52,15
DA:53,9
DA:56,3
DA:58,9
DA:59,3
DA:60,3
DA:63,3
DA:66,3
DA:67,3
DA:68,3
DA:69,3
DA:70,3
DA:73,3
DA:74,3
DA:78,12
DA:79,9
DA:84,1
DA:85,1
DA:86,1
DA:88,1
DA:91,1
DA:92,1
DA:93,2
DA:94,2
DA:95,1
DA:96,1
DA:97,2
DA:98,2
DA:99,2
DA:100,2
DA:102,7
DA:106,0
DA:107,0
DA:108,0
DA:110,0
DA:111,0
DA:116,3
DA:117,6
DA:118,2
DA:120,2
DA:121,4
DA:122,4
DA:129,3
DA:130,9
DA:131,3
DA:132,3
DA:133,3
DA:135,3
DA:137,3
DA:138,3
DA:139,3
DA:146,1
DA:147,1
DA:148,1
DA:149,1
DA:150,6
DA:151,6
DA:154,1
DA:155,1
DA:159,1
DA:160,5
DA:162,2
DA:163,1
DA:164,5
DA:165,2
DA:167,2
DA:168,5
DA:169,1
DA:171,3
DA:172,2
DA:173,5
DA:174,4
DA:176,6
DA:179,1
DA:180,1
DA:181,1
DA:183,1
LF:84
LH:79
end_of_record
SF:lib/features/smart_crop/analyzers/enhanced_composition_crop_analyzer.dart
DA:18,2
DA:19,2
DA:34,2
DA:36,2
DA:39,2
DA:42,2
DA:47,2
DA:50,10
DA:51,6
DA:54,2
DA:55,2
DA:59,4
DA:61,2
DA:62,2
DA:68,0
DA:69,0
DA:72,2
DA:73,2
DA:74,2
DA:75,14
DA:77,2
DA:80,2
DA:84,0
DA:85,0
DA:86,0
DA:88,0
DA:89,0
DA:94,2
DA:95,4
DA:96,0
DA:98,2
DA:99,4
DA:100,4
DA:105,2
DA:106,2
DA:107,2
DA:108,2
DA:110,2
DA:117,4
DA:129,4
DA:130,4
DA:131,10
DA:132,10
DA:136,2
LF:44
LH:36
end_of_record
SF:lib/features/smart_crop/analyzers/color_crop_analyzer.dart
DA:21,2
DA:22,2
DA:37,2
DA:39,2
DA:42,2
DA:45,2
DA:50,2
DA:53,10
DA:54,6
DA:57,2
DA:59,4
DA:60,4
DA:61,2
DA:62,2
DA:65,2
DA:67,0
DA:68,0
DA:69,0
DA:72,0
DA:75,2
DA:76,2
DA:77,2
DA:78,2
DA:79,4
DA:82,0
DA:83,0
DA:84,0
DA:86,0
DA:87,0
DA:92,2
DA:93,4
DA:94,0
DA:96,2
DA:97,4
DA:98,4
DA:104,2
DA:105,6
DA:106,2
DA:107,2
DA:108,2
DA:110,2
DA:112,2
DA:113,2
DA:114,2
DA:116,5
DA:117,2
DA:118,6
DA:119,6
DA:122,3
DA:123,1
DA:126,2
DA:131,2
DA:132,4
DA:133,10
DA:134,10
DA:138,2
DA:141,4
DA:145,4
DA:146,2
DA:148,2
DA:154,2
DA:158,2
DA:159,2
DA:160,2
DA:161,6
DA:162,4
DA:163,4
DA:164,2
DA:165,14
DA:167,2
LF:70
LH:60
end_of_record
SF:lib/features/smart_crop/analyzers/ml_subject_crop_analyzer.dart
DA:28,1
DA:31,1
DA:36,1
DA:37,1
DA:38,1
DA:53,1
DA:56,1
DA:57,2
DA:58,2
DA:60,1
DA:63,5
DA:64,3
DA:67,2
DA:68,2
DA:69,2
DA:70,0
DA:73,0
DA:77,0
DA:79,0
DA:80,0
DA:83,0
DA:84,0
DA:85,0
DA:86,0
DA:89,0
DA:93,1
DA:96,0
DA:101,0
DA:103,0
DA:108,2
DA:110,0
DA:113,1
DA:114,1
DA:115,1
DA:118,0
DA:120,0
DA:123,0
DA:124,0
DA:126,0
DA:127,0
DA:128,0
DA:129,0
DA:130,0
DA:134,0
DA:135,0
DA:137,0
DA:138,0
DA:141,0
DA:142,0
DA:145,0
DA:146,0
DA:147,0
DA:148,0
DA:149,0
DA:152,0
DA:154,0
DA:155,0
DA:159,0
DA:160,0
DA:161,0
DA:162,0
DA:166,0
DA:172,1
DA:174,1
DA:175,1
DA:176,1
DA:181,1
DA:185,1
DA:188,0
DA:189,0
DA:190,0
DA:191,0
DA:192,0
DA:193,0
DA:194,0
DA:195,0
DA:196,0
DA:198,0
DA:199,0
DA:200,0
DA:201,0
DA:202,0
DA:205,0
DA:208,0
DA:213,0
DA:217,0
DA:218,0
DA:219,0
DA:220,0
DA:221,0
DA:225,0
DA:226,0
DA:227,0
DA:228,0
DA:229,0
DA:231,0
DA:232,0
DA:234,0
DA:237,0
DA:238,0
DA:242,0
LF:101
LH:26
end_of_record
SF:lib/features/smart_crop/analyzers/bird/bird_feature_detector.dart
DA:16,0
DA:28,1
DA:30,1
DA:31,2
DA:32,2
DA:33,2
DA:35,1
DA:36,2
DA:37,1
DA:38,2
DA:41,1
DA:43,2
DA:44,2
DA:45,1
DA:46,1
DA:48,2
DA:49,1
DA:51,4
DA:53,3
DA:54,1
DA:55,1
DA:56,1
DA:57,1
DA:58,0
DA:59,0
DA:60,0
DA:61,0
DA:62,0
DA:63,0
DA:64,0
DA:65,0
DA:66,0
DA:67,0
DA:70,0
DA:72,0
DA:82,1
DA:84,1
DA:85,1
DA:86,1
DA:87,5
DA:90,1
DA:92,1
DA:93,1
DA:94,1
DA:96,2
DA:97,2
DA:98,4
DA:99,4
DA:100,1
DA:101,1
DA:102,3
DA:103,1
DA:106,2
DA:107,5
DA:109,8
DA:110,1
DA:111,4
DA:112,6
DA:113,1
DA:116,1
DA:118,1
DA:119,3
DA:120,4
DA:123,1
DA:125,1
DA:126,5
DA:127,5
DA:128,3
DA:129,2
DA:132,2
DA:133,5
DA:135,8
DA:136,1
DA:137,3
DA:140,0
DA:142,0
DA:143,0
DA:144,0
DA:145,0
DA:148,0
DA:149,0
DA:150,0
DA:151,0
DA:156,0
DA:158,0
DA:159,0
DA:160,0
DA:161,0
DA:162,0
DA:163,0
DA:164,0
DA:167,1
DA:169,2
DA:170,2
DA:171,1
DA:172,1
DA:174,2
DA:175,1
DA:177,4
DA:178,4
DA:179,1
DA:180,1
DA:181,1
DA:183,6
DA:184,2
DA:185,3
DA:186,2
DA:187,1
DA:188,0
DA:189,0
DA:190,0
DA:191,0
DA:192,0
DA:193,0
DA:194,0
DA:197,0
DA:208,1
DA:210,2
DA:211,2
DA:212,1
DA:214,1
DA:218,3
DA:219,1
DA:221,3
DA:222,1
DA:223,1
DA:226,5
DA:227,5
DA:228,3
DA:230,5
DA:231,5
DA:232,2
DA:233,1
DA:238,4
DA:239,1
DA:240,0
DA:241,0
DA:242,0
DA:243,0
DA:244,0
DA:245,0
DA:246,0
DA:249,0
DA:259,1
DA:260,1
DA:261,2
DA:262,2
DA:263,0
DA:264,0
DA:265,0
DA:266,0
DA:267,0
DA:268,0
DA:269,0
DA:270,0
DA:273,0
DA:278,0
DA:279,0
DA:288,0
DA:289,0
DA:290,0
DA:291,0
DA:292,0
DA:293,0
DA:294,0
DA:295,0
DA:296,0
DA:297,0
DA:298,0
DA:299,0
DA:301,0
DA:302,0
DA:303,0
DA:305,0
DA:306,0
DA:312,1
DA:313,3
DA:314,5
DA:315,10
DA:316,1
DA:319,1
DA:323,3
DA:324,3
DA:325,3
DA:326,1
DA:327,1
DA:328,1
DA:332,2
DA:335,1
DA:337,1
DA:338,3
DA:340,2
DA:341,2
DA:342,2
DA:344,2
DA:345,5
DA:346,8
DA:347,1
DA:350,1
DA:351,3
DA:352,4
DA:353,1
DA:354,7
LF:203
LH:129
end_of_record
SF:lib/features/smart_crop/analyzers/bird/bird_scoring_logic.dart
DA:7,0
DA:9,0
DA:10,0
DA:11,0
DA:13,0
DA:15,0
DA:16,0
DA:17,0
DA:20,0
DA:21,0
DA:22,0
DA:23,0
DA:24,0
DA:25,0
DA:26,0
DA:29,0
DA:30,0
DA:32,0
DA:33,0
DA:36,0
DA:38,0
DA:39,0
DA:41,0
DA:42,0
DA:45,0
DA:46,0
DA:47,0
DA:48,0
DA:50,0
DA:51,0
DA:52,0
DA:53,0
DA:56,0
DA:59,0
DA:60,0
DA:61,0
DA:62,0
DA:63,0
DA:64,0
DA:65,0
DA:66,0
LF:41
LH:0
end_of_record
SF:lib/features/smart_crop/interfaces/crop_analyzer.dart
DA:25,5
DA:28,6
DA:35,4
DA:38,1
DA:41,0
DA:44,0
DA:47,4
DA:48,4
DA:53,0
DA:56,0
DA:60,0
DA:63,0
DA:66,1
DA:69,0
DA:72,0
DA:84,6
DA:96,5
DA:97,5
DA:99,6
DA:100,6
DA:102,5
DA:103,5
DA:105,5
DA:106,5
DA:108,5
DA:109,5
DA:111,5
DA:112,5
DA:114,5
DA:117,20
DA:120,5
DA:122,10
DA:123,10
DA:124,10
DA:125,10
DA:126,15
DA:129,0
DA:134,0
DA:140,0
DA:145,4
DA:150,0
DA:154,0
LF:42
LH:29
end_of_record
SF:lib/features/smart_crop/interfaces/analyzer_metadata.dart
DA:41,4
DA:59,0
DA:60,0
DA:61,0
DA:62,0
DA:63,0
DA:67,0
DA:68,0
DA:72,2
DA:73,4
DA:77,0
DA:78,0
DA:82,0
DA:83,0
DA:84,0
DA:86,0
DA:88,0
DA:89,0
DA:93,0
DA:109,0
DA:110,0
DA:111,0
DA:112,0
DA:113,0
DA:114,0
DA:115,0
DA:116,0
DA:117,0
DA:118,0
DA:120,0
DA:121,0
DA:122,0
DA:123,0
DA:124,0
DA:128,0
DA:130,0
DA:131,0
LF:37
LH:3
end_of_record
SF:lib/features/smart_crop/interfaces/analysis_context.dart
DA:23,7
DA:30,7
DA:33,1
DA:41,1
DA:42,1
DA:43,0
DA:44,1
DA:45,0
DA:46,1
DA:47,1
DA:52,8
DA:55,10
DA:58,0
DA:59,0
DA:60,0
DA:64,0
DA:65,0
DA:66,0
DA:67,0
DA:70,0
DA:72,0
LF:21
LH:10
end_of_record
SF:lib/features/smart_crop/models/crop_score.dart
DA:17,11
DA:25,2
DA:26,1
DA:33,2
DA:39,2
DA:40,2
DA:41,0
DA:42,2
DA:43,0
DA:48,3
DA:49,18
DA:53,1
DA:54,1
DA:55,2
DA:56,1
DA:57,1
DA:58,1
DA:63,1
DA:64,1
DA:65,2
DA:66,2
DA:67,1
DA:68,2
DA:72,0
DA:74,0
DA:77,0
DA:80,0
DA:81,0
DA:82,0
DA:83,0
DA:84,0
DA:87,0
DA:89,0
DA:93,0
DA:94,0
DA:95,0
DA:96,0
LF:37
LH:21
end_of_record
SF:lib/features/smart_crop/analyzers/color/color_feature_detector.dart
DA:7,4
DA:14,2
DA:25,4
DA:34,3
DA:35,12
DA:36,3
DA:37,3
DA:41,6
DA:42,6
DA:43,9
DA:44,9
DA:45,15
DA:46,21
DA:47,9
DA:48,3
DA:49,6
DA:50,6
DA:51,3
DA:52,10
DA:53,4
DA:54,6
DA:55,2
DA:56,2
DA:57,2
DA:61,6
DA:62,11
DA:64,3
DA:65,9
DA:66,24
DA:67,3
DA:68,3
DA:71,6
DA:72,6
DA:73,12
DA:76,4
DA:77,12
DA:78,8
DA:79,8
DA:80,4
DA:82,4
DA:83,3
DA:84,12
DA:85,2
DA:86,8
DA:88,4
DA:90,11
LF:46
LH:46
end_of_record
SF:lib/features/smart_crop/analyzers/color/color_scoring_logic.dart
DA:8,3
DA:10,3
DA:11,3
DA:14,4
DA:15,6
DA:16,6
DA:17,6
DA:18,2
DA:21,2
DA:23,2
DA:24,2
DA:25,2
DA:26,2
DA:27,2
DA:31,3
DA:33,12
DA:36,9
DA:37,18
DA:38,3
DA:39,9
DA:40,18
DA:41,3
DA:42,6
DA:43,9
DA:44,9
DA:45,3
DA:46,15
DA:47,12
DA:48,3
DA:53,6
DA:56,3
DA:58,12
DA:59,3
DA:60,9
DA:61,18
DA:62,3
DA:63,9
DA:64,18
DA:65,3
DA:66,6
DA:67,9
DA:68,9
DA:69,6
DA:70,15
DA:71,3
DA:75,3
DA:78,12
DA:79,13
DA:80,2
DA:81,18
DA:82,2
DA:83,2
DA:84,2
DA:85,1
DA:86,2
DA:87,0
DA:89,1
DA:90,2
DA:93,5
DA:96,3
DA:98,12
DA:99,3
DA:101,9
DA:102,18
DA:103,3
DA:104,9
DA:105,18
DA:106,3
DA:107,6
DA:108,9
DA:109,9
DA:110,12
DA:111,15
DA:112,9
DA:113,9
DA:114,3
DA:119,3
DA:121,6
DA:122,3
DA:123,15
DA:125,9
DA:126,13
DA:129,3
DA:131,12
DA:132,3
DA:133,9
DA:134,18
DA:135,3
DA:136,9
DA:137,18
DA:138,3
DA:139,6
DA:140,9
DA:141,9
DA:142,12
DA:143,12
DA:144,12
DA:149,6
DA:150,3
DA:151,30
LF:100
LH:99
end_of_record
SF:lib/features/smart_crop/analyzers/utils/analyzer_utils.dart
DA:7,7
DA:9,21
DA:10,7
DA:12,7
DA:15,7
DA:17,21
DA:18,7
DA:20,7
DA:23,5
DA:25,5
DA:26,5
DA:27,5
DA:28,10
DA:29,10
DA:36,8
DA:37,24
DA:38,33
DA:39,80
DA:40,8
DA:43,3
DA:44,18
DA:45,9
LF:22
LH:22
end_of_record
SF:lib/features/smart_crop/analyzers/composition/composition_scoring_logic.dart
DA:10,3
DA:13,9
DA:14,9
DA:15,9
DA:16,9
DA:17,9
DA:18,3
DA:21,2
DA:23,2
DA:24,2
DA:25,2
DA:26,2
DA:27,2
DA:28,2
DA:32,3
DA:33,27
DA:34,3
DA:40,15
DA:41,9
DA:44,3
DA:45,27
DA:46,3
DA:48,6
DA:49,6
DA:50,9
DA:52,15
DA:53,9
DA:56,3
DA:58,12
DA:59,9
DA:60,9
DA:61,15
DA:62,15
DA:63,12
DA:64,3
DA:65,3
DA:66,3
DA:67,3
DA:68,3
DA:70,9
DA:71,3
DA:72,1
DA:74,9
DA:76,5
DA:79,3
DA:83,6
DA:84,6
DA:85,3
DA:86,3
DA:87,9
DA:89,21
DA:91,21
DA:92,5
DA:93,15
DA:94,3
DA:98,6
DA:101,3
DA:102,24
DA:103,27
DA:106,3
DA:108,8
DA:109,8
DA:110,14
DA:111,14
DA:112,30
DA:114,3
DA:115,21
DA:116,3
LF:68
LH:68
end_of_record
SF:lib/features/smart_crop/analyzers/edge/edge_analyzer_helpers.dart
DA:10,0
DA:13,0
DA:14,0
DA:15,0
DA:16,0
DA:17,0
DA:18,0
DA:19,0
DA:21,0
DA:24,0
DA:27,0
DA:31,0
DA:35,0
DA:37,0
DA:38,0
DA:39,0
DA:41,0
DA:48,0
DA:57,0
DA:59,0
DA:60,0
DA:61,0
DA:62,0
DA:63,0
DA:64,0
DA:65,0
DA:66,0
DA:67,0
DA:72,0
DA:74,0
DA:75,0
DA:76,0
DA:77,0
DA:78,0
DA:80,0
DA:81,0
DA:82,0
DA:83,0
DA:86,0
DA:87,0
DA:90,0
DA:91,0
DA:92,0
DA:93,0
DA:94,0
DA:97,0
DA:98,0
DA:104,0
DA:106,0
DA:107,0
DA:109,0
DA:111,0
DA:114,0
DA:118,0
DA:119,0
DA:120,0
DA:122,0
DA:123,0
DA:124,0
DA:125,0
DA:127,0
DA:128,0
DA:132,0
DA:133,0
DA:134,0
DA:136,0
DA:138,0
DA:139,0
DA:144,0
DA:145,0
DA:149,0
DA:150,0
DA:155,0
DA:157,0
DA:158,0
DA:165,0
DA:166,0
DA:167,0
DA:168,0
DA:169,0
DA:170,0
DA:174,0
DA:179,0
DA:181,0
DA:182,0
DA:183,0
DA:184,0
DA:185,0
DA:188,0
DA:189,0
DA:190,0
DA:191,0
DA:192,0
DA:193,0
DA:194,0
DA:195,0
DA:196,0
DA:197,0
DA:201,0
DA:204,0
DA:207,0
DA:208,0
DA:209,0
DA:210,0
DA:213,0
DA:215,0
DA:216,0
DA:217,0
DA:218,0
DA:219,0
DA:220,0
DA:224,0
DA:226,0
DA:227,0
DA:229,0
DA:230,0
DA:231,0
DA:232,0
DA:233,0
DA:237,0
DA:240,0
DA:242,0
DA:243,0
DA:244,0
DA:245,0
DA:246,0
DA:247,0
DA:248,0
DA:249,0
DA:251,0
DA:253,0
DA:256,0
DA:257,0
DA:259,0
DA:260,0
DA:261,0
DA:262,0
DA:265,0
DA:267,0
DA:268,0
DA:269,0
DA:270,0
DA:271,0
DA:272,0
DA:276,0
DA:278,0
DA:279,0
DA:281,0
DA:282,0
DA:283,0
DA:284,0
DA:285,0
DA:289,0
DA:292,0
DA:294,0
DA:296,0
DA:297,0
DA:298,0
DA:299,0
DA:300,0
DA:301,0
DA:302,0
LF:162
LH:0
end_of_record
SF:lib/features/smart_crop/analyzers/entropy/entropy_analyzer_helpers.dart
DA:7,2
DA:9,6
DA:10,2
DA:11,2
DA:12,2
DA:16,2
DA:18,2
DA:21,2
DA:24,4
DA:25,2
DA:27,2
DA:29,2
DA:36,2
DA:46,2
DA:48,2
DA:50,2
DA:51,6
DA:54,2
DA:56,1
DA:59,2
DA:63,2
DA:64,2
DA:66,4
DA:67,4
DA:68,4
DA:69,4
DA:71,2
DA:73,2
DA:75,0
DA:76,0
DA:77,0
DA:79,0
DA:85,0
DA:91,4
DA:92,4
DA:95,10
DA:96,4
DA:99,2
DA:101,2
DA:102,2
DA:110,4
DA:112,12
DA:113,2
DA:114,10
DA:116,4
DA:122,2
DA:128,2
DA:130,4
DA:131,4
DA:132,4
DA:133,4
DA:134,6
DA:136,2
DA:137,4
DA:138,6
DA:139,4
DA:140,6
DA:142,4
DA:143,4
DA:144,2
DA:145,2
DA:146,10
DA:147,6
DA:148,6
DA:149,2
DA:150,4
DA:151,4
DA:152,12
DA:153,2
DA:158,2
DA:161,2
DA:162,2
DA:163,2
DA:164,4
DA:165,6
DA:168,2
DA:169,4
DA:170,2
DA:171,2
DA:172,8
DA:175,4
DA:178,2
DA:181,6
DA:182,6
DA:183,6
DA:184,2
DA:187,2
DA:192,4
DA:193,4
DA:194,4
DA:195,4
DA:196,8
DA:197,8
DA:198,2
DA:200,2
DA:201,2
DA:204,4
DA:207,2
DA:210,2
DA:211,4
DA:212,4
DA:213,4
DA:214,4
DA:215,8
DA:216,8
DA:217,2
DA:219,2
DA:222,2
DA:223,10
DA:225,16
DA:226,2
DA:227,4
DA:230,2
DA:232,4
DA:233,4
DA:234,6
DA:235,6
DA:236,6
DA:237,6
DA:238,2
DA:240,6
DA:242,4
DA:243,2
DA:245,4
DA:246,2
DA:247,4
DA:248,6
DA:249,6
DA:250,6
DA:251,8
DA:252,6
DA:253,2
DA:254,2
DA:259,2
DA:260,10
DA:262,16
DA:263,2
DA:264,6
DA:267,2
DA:269,2
DA:270,2
DA:271,2
DA:272,2
DA:273,6
DA:274,2
DA:275,14
DA:276,12
LF:147
LH:142
end_of_record
SF:lib/features/smart_crop/utils/analyzer_isolate_pool.dart
DA:25,15
DA:26,5
DA:46,4
DA:47,8
DA:48,4
DA:51,0
DA:52,0
DA:55,0
DA:58,0
DA:59,0
DA:60,0
DA:63,0
DA:70,0
DA:71,0
DA:72,0
DA:73,0
DA:74,0
DA:79,0
DA:80,0
DA:81,0
DA:82,0
DA:88,3
DA:89,3
DA:90,3
DA:91,3
DA:92,0
DA:94,6
DA:101,0
DA:103,0
DA:105,0
DA:106,0
DA:108,0
DA:110,0
DA:120,0
DA:122,0
DA:123,0
DA:127,0
DA:128,0
DA:129,0
DA:130,0
DA:135,0
DA:136,0
DA:137,0
DA:138,0
DA:142,0
DA:145,0
DA:146,0
DA:147,0
DA:150,0
DA:151,0
DA:152,0
DA:167,0
DA:170,0
DA:171,0
DA:172,0
DA:174,0
DA:177,0
DA:178,0
DA:182,0
DA:183,0
DA:184,0
DA:186,0
DA:188,0
DA:189,0
DA:191,0
DA:194,0
DA:197,0
DA:198,0
DA:201,0
DA:202,0
DA:206,0
DA:207,0
DA:208,0
DA:209,0
DA:213,0
DA:214,0
DA:215,0
DA:216,0
DA:217,0
DA:221,0
DA:222,0
DA:223,0
DA:224,0
DA:230,0
DA:231,0
DA:232,0
DA:234,0
DA:235,0
DA:237,0
DA:238,0
DA:240,0
DA:251,0
DA:257,0
LF:93
LH:10
end_of_record
SF:lib/features/smart_crop/analyzers/face/face_analyzer_helpers.dart
DA:12,0
DA:22,3
DA:23,9
DA:24,3
DA:25,6
DA:26,6
DA:27,3
DA:30,3
DA:31,3
DA:33,0
DA:35,0
DA:36,0
DA:39,3
DA:40,3
DA:41,1
DA:42,1
DA:43,1
DA:44,0
DA:45,0
DA:46,0
DA:47,0
DA:50,3
DA:53,6
DA:54,6
DA:55,6
DA:56,9
DA:57,9
DA:58,3
DA:59,6
DA:60,6
DA:61,3
DA:62,0
DA:64,3
DA:67,6
DA:70,6
DA:71,6
DA:72,6
DA:73,12
DA:74,6
DA:75,12
DA:77,3
DA:78,3
DA:79,3
DA:80,3
DA:84,3
DA:86,3
DA:87,0
DA:88,0
DA:89,0
DA:91,0
DA:92,0
DA:93,0
DA:94,0
DA:97,0
DA:103,3
DA:104,6
LF:56
LH:39
end_of_record
SF:lib/features/smart_crop/analyzers/landscape/landscape_feature_detector.dart
DA:7,1
DA:8,2
DA:9,2
DA:10,1
DA:12,5
DA:15,2
DA:16,1
DA:17,1
DA:18,1
DA:19,1
DA:22,3
DA:26,2
DA:27,4
DA:28,6
DA:29,1
DA:34,3
DA:37,1
DA:38,2
DA:39,2
DA:40,1
DA:41,2
DA:42,2
DA:43,5
DA:44,5
DA:45,2
DA:46,8
DA:53,1
DA:55,1
DA:56,2
DA:57,2
DA:58,1
DA:59,2
DA:62,1
DA:63,5
DA:64,8
DA:65,1
DA:68,0
DA:70,0
DA:71,0
DA:72,0
DA:73,0
DA:74,0
DA:77,0
DA:78,0
DA:80,0
DA:81,0
DA:82,0
LF:47
LH:36
end_of_record
SF:lib/features/smart_crop/analyzers/landscape/landscape_scoring_logic.dart
DA:9,0
DA:12,0
DA:13,0
DA:14,0
DA:15,0
DA:16,0
DA:17,0
DA:20,0
DA:22,0
DA:23,0
DA:24,0
DA:25,0
DA:26,0
DA:31,0
DA:34,0
DA:35,0
DA:37,0
DA:38,0
DA:39,0
DA:40,0
DA:41,0
DA:42,0
DA:43,0
DA:46,0
DA:50,0
DA:51,0
DA:52,0
DA:54,0
DA:55,0
DA:56,0
DA:57,0
DA:59,0
DA:62,0
DA:65,0
DA:66,0
DA:67,0
DA:73,0
DA:74,0
DA:77,0
DA:79,0
DA:80,0
DA:82,0
DA:83,0
DA:84,0
DA:85,0
DA:86,0
DA:87,0
DA:88,0
DA:89,0
DA:90,0
DA:91,0
DA:92,0
DA:96,0
DA:98,0
DA:99,0
DA:100,0
DA:102,0
DA:103,0
LF:58
LH:0
end_of_record
SF:lib/features/smart_crop/analyzers/ml/ml_isolate_runner.dart
DA:15,1
DA:28,1
DA:39,1
DA:44,1
DA:45,4
DA:46,2
DA:48,1
DA:50,1
DA:51,1
DA:53,0
DA:54,0
DA:55,0
DA:56,0
DA:60,0
DA:63,0
DA:64,0
DA:65,0
DA:66,0
DA:67,0
DA:68,0
DA:71,2
DA:74,1
DA:76,1
DA:78,1
LF:24
LH:13
end_of_record
SF:lib/services/ml/ml_segmentation_service.dart
DA:12,1
DA:13,1
DA:14,1
DA:15,1
DA:24,1
DA:26,1
DA:27,2
DA:30,1
DA:32,2
LF:9
LH:9
end_of_record
SF:lib/features/smart_crop/analyzers/ml/ml_subject_detector.dart
DA:7,0
DA:11,0
DA:12,0
DA:13,0
DA:14,0
DA:16,0
DA:27,0
DA:28,0
DA:29,0
DA:30,0
DA:31,0
DA:32,0
DA:33,0
DA:34,0
DA:37,0
DA:38,0
DA:39,0
DA:40,0
DA:41,0
DA:42,0
DA:49,0
DA:50,0
DA:51,0
DA:52,0
DA:53,0
DA:54,0
DA:56,0
DA:57,0
DA:58,0
DA:59,0
DA:60,0
DA:61,0
DA:63,0
DA:64,0
DA:66,0
DA:67,0
DA:68,0
DA:69,0
DA:71,0
DA:74,0
DA:75,0
DA:78,0
DA:80,0
DA:81,0
DA:83,0
DA:85,0
DA:88,0
DA:89,0
DA:90,0
DA:91,0
DA:92,0
DA:96,0
DA:97,0
LF:53
LH:0
end_of_record
SF:lib/features/smart_crop/analyzers/ml/ml_subject_coordinate_calculator.dart
DA:6,1
DA:12,1
DA:13,1
DA:15,4
DA:16,4
DA:18,4
DA:20,4
DA:22,1
DA:30,5
DA:34,1
DA:35,3
DA:36,1
DA:38,1
DA:41,1
DA:42,3
DA:43,1
DA:45,1
LF:17
LH:17
end_of_record
SF:lib/features/smart_crop/cache/ml_subject_cache.dart
DA:18,1
DA:25,0
DA:26,0
DA:27,0
DA:28,0
DA:29,0
DA:32,0
DA:33,0
DA:34,0
DA:35,0
DA:36,0
DA:39,0
DA:42,0
DA:43,0
DA:44,0
DA:45,0
DA:46,0
DA:49,0
DA:50,0
DA:52,0
DA:54,0
DA:68,1
DA:69,1
DA:73,1
DA:75,2
DA:76,1
DA:79,1
DA:83,1
DA:85,0
DA:93,0
DA:95,0
DA:96,0
DA:98,0
DA:99,0
DA:100,0
DA:101,0
DA:108,0
DA:113,0
DA:115,0
DA:116,0
DA:119,0
DA:123,0
DA:128,0
DA:130,0
DA:131,0
DA:134,0
LF:46
LH:8
end_of_record
SF:lib/features/smart_crop/utils/device_capability_detector.dart
DA:11,1
DA:16,1
DA:21,0
DA:26,1
DA:28,1
DA:29,1
DA:30,1
DA:31,1
DA:32,1
DA:34,1
DA:36,1
DA:43,1
DA:44,1
DA:45,1
DA:46,1
DA:50,0
DA:55,1
DA:56,1
DA:58,1
DA:60,1
DA:62,0
DA:64,0
DA:72,1
DA:74,2
DA:77,0
DA:78,0
DA:79,0
DA:80,0
DA:81,0
DA:82,0
DA:83,0
DA:92,1
DA:94,2
DA:95,1
DA:99,2
DA:100,3
DA:103,1
DA:106,0
DA:118,1
DA:121,2
DA:124,2
DA:125,5
DA:128,1
DA:129,1
DA:132,1
DA:134,0
DA:145,1
DA:147,2
DA:151,1
DA:156,1
DA:157,1
DA:158,1
DA:160,1
DA:164,1
DA:166,1
DA:168,0
DA:170,0
DA:176,1
DA:178,1
DA:180,0
DA:182,0
DA:188,1
DA:190,1
DA:191,1
DA:192,0
DA:193,0
DA:194,0
DA:195,0
DA:201,1
DA:203,1
DA:205,0
DA:207,0
DA:226,3
DA:240,0
DA:256,3
DA:259,3
DA:262,0
DA:263,0
DA:266,0
DA:267,0
DA:268,0
DA:269,0
DA:271,0
DA:273,0
DA:274,0
DA:275,0
DA:276,0
DA:277,0
DA:278,0
DA:279,0
LF:90
LH:52
end_of_record
SF:lib/features/smart_crop/analyzers/object/object_detector.dart
DA:16,1
DA:27,3
DA:28,12
DA:29,3
DA:30,6
DA:31,6
DA:32,6
DA:33,3
DA:35,10
DA:36,3
DA:37,3
DA:38,6
DA:41,3
DA:42,3
DA:44,6
DA:45,6
DA:46,6
DA:47,18
DA:48,18
DA:49,6
DA:50,3
DA:51,3
DA:52,0
DA:53,0
DA:54,0
DA:55,0
DA:56,0
DA:57,0
DA:62,0
DA:69,3
DA:71,3
DA:72,6
DA:73,6
DA:74,3
DA:75,6
DA:78,6
DA:79,3
DA:80,27
DA:83,3
DA:84,3
DA:86,6
DA:87,6
DA:88,6
DA:89,18
DA:90,18
DA:92,9
DA:93,9
DA:94,3
DA:95,6
DA:96,6
DA:97,9
DA:98,18
DA:99,3
DA:103,6
DA:104,3
DA:105,0
DA:106,0
DA:107,0
DA:108,0
DA:109,0
DA:110,0
DA:115,0
DA:122,3
DA:123,3
DA:125,6
DA:126,6
DA:127,6
DA:128,18
DA:129,18
DA:130,3
DA:131,6
DA:132,6
DA:133,9
DA:134,9
DA:135,15
DA:136,15
DA:137,9
DA:140,15
DA:141,3
DA:142,6
DA:143,4
DA:144,2
DA:145,1
DA:146,1
DA:147,6
DA:151,1
DA:152,2
DA:153,1
DA:161,3
DA:162,3
DA:163,6
DA:164,7
DA:165,1
DA:166,2
DA:167,1
DA:168,3
DA:169,0
DA:170,0
DA:171,0
DA:172,0
DA:175,2
DA:180,1
DA:181,3
DA:191,0
DA:192,0
DA:193,0
DA:194,0
DA:195,0
DA:196,0
DA:197,0
DA:198,0
DA:199,0
DA:200,0
DA:201,0
DA:202,0
DA:203,0
DA:204,0
DA:207,0
DA:208,0
DA:209,0
DA:211,0
LF:121
LH:85
end_of_record
SF:lib/features/smart_crop/analyzers/subject/subject_detector.dart
DA:13,2
DA:22,2
DA:23,2
DA:24,4
DA:25,4
DA:26,4
DA:27,2
DA:28,6
DA:29,4
DA:32,2
DA:33,8
DA:34,2
DA:36,4
DA:37,4
DA:38,4
DA:39,4
DA:40,6
DA:41,4
DA:42,6
DA:43,2
DA:44,2
DA:45,6
DA:46,4
DA:47,2
DA:48,1
DA:49,1
DA:50,6
DA:54,3
DA:61,2
DA:63,2
DA:64,4
DA:65,4
DA:66,2
DA:67,4
DA:70,4
DA:71,2
DA:72,18
DA:75,2
DA:76,8
DA:77,2
DA:79,6
DA:80,6
DA:81,2
DA:82,6
DA:83,2
DA:84,6
DA:85,2
DA:86,2
DA:87,2
DA:88,5
DA:89,6
DA:90,2
DA:91,1
DA:92,1
DA:93,6
DA:97,3
DA:104,2
DA:107,4
DA:108,4
DA:109,6
DA:110,6
DA:111,4
DA:112,6
DA:113,6
DA:114,2
DA:118,2
DA:120,8
DA:123,2
DA:125,4
DA:126,4
DA:127,6
DA:128,6
DA:129,16
DA:130,16
DA:131,14
DA:132,4
DA:133,2
DA:137,6
DA:140,2
DA:141,8
DA:142,2
DA:143,4
DA:144,2
DA:145,6
DA:146,6
DA:147,2
DA:148,2
DA:149,2
DA:150,3
DA:151,5
DA:152,4
DA:155,1
DA:156,4
DA:157,4
DA:166,2
DA:167,2
DA:168,2
DA:169,2
DA:170,4
DA:171,4
DA:172,2
DA:173,16
DA:174,4
DA:176,2
DA:177,10
DA:179,16
DA:180,2
DA:181,6
DA:182,2
DA:183,8
DA:186,2
DA:187,2
DA:188,4
DA:189,5
DA:190,1
DA:191,2
DA:192,1
DA:193,4
DA:194,1
DA:195,7
DA:196,2
DA:197,1
DA:200,2
DA:205,1
DA:206,3
DA:216,2
DA:217,2
DA:218,2
DA:219,2
DA:220,4
DA:221,4
DA:222,1
DA:223,3
DA:224,3
DA:225,3
DA:226,3
DA:227,2
DA:228,1
DA:229,1
DA:232,1
DA:233,3
DA:234,1
LF:142
LH:142
end_of_record
SF:lib/features/smart_crop/analyzers/subject/subject_scoring_logic.dart
DA:8,1
DA:11,3
DA:12,6
DA:13,3
DA:14,3
DA:15,5
DA:16,1
DA:17,1
DA:18,7
DA:22,1
DA:23,5
DA:24,2
DA:25,1
DA:27,9
DA:30,1
DA:32,1
DA:34,1
DA:41,1
DA:43,6
DA:44,6
DA:46,4
DA:47,3
DA:48,3
DA:50,3
DA:53,1
DA:55,3
DA:56,3
DA:57,4
DA:58,4
DA:59,2
LF:30
LH:30
end_of_record
SF:lib/features/smart_crop/config/configuration_manager.dart
DA:24,0
DA:25,0
DA:26,0
DA:27,0
DA:28,0
DA:51,0
DA:52,0
DA:56,0
DA:59,0
DA:60,0
DA:61,0
DA:64,0
DA:65,0
DA:67,0
DA:70,0
DA:75,0
DA:76,0
DA:79,0
DA:80,0
DA:81,0
DA:84,0
DA:88,0
DA:91,0
DA:92,0
DA:93,0
DA:94,0
DA:99,0
DA:102,0
DA:103,0
DA:104,0
DA:105,0
DA:109,0
DA:110,0
DA:112,0
DA:113,0
DA:114,0
DA:115,0
DA:116,0
DA:117,0
DA:118,0
DA:119,0
DA:120,0
DA:125,0
DA:127,0
DA:128,0
DA:129,0
DA:130,0
DA:131,0
DA:132,0
DA:133,0
DA:134,0
DA:139,0
DA:140,0
DA:141,0
DA:142,0
DA:146,0
DA:149,0
DA:151,0
DA:152,0
DA:153,0
DA:157,0
DA:158,0
DA:159,0
DA:163,0
DA:164,0
DA:165,0
DA:169,0
DA:170,0
DA:171,0
DA:172,0
DA:176,0
DA:177,0
DA:179,0
DA:180,0
DA:181,0
DA:183,0
DA:184,0
DA:185,0
DA:186,0
DA:191,0
DA:192,0
DA:194,0
DA:195,0
DA:196,0
DA:197,0
DA:198,0
DA:204,0
DA:205,0
DA:209,0
DA:215,0
DA:216,0
DA:220,0
DA:222,0
DA:227,0
DA:229,0
DA:230,0
DA:234,0
DA:235,0
DA:236,0
DA:237,0
DA:247,0
DA:248,0
DA:250,0
DA:251,0
DA:252,0
DA:253,0
DA:254,0
DA:259,0
DA:273,0
DA:287,0
DA:300,0
DA:301,0
DA:302,0
DA:306,0
DA:307,0
DA:308,0
DA:314,0
DA:315,0
DA:316,0
LF:119
LH:0
end_of_record
SF:lib/features/smart_crop/config/configuration_validator.dart
DA:6,1
DA:8,1
DA:11,1
DA:13,1
DA:14,2
DA:19,1
DA:22,1
LF:7
LH:7
end_of_record
SF:lib/features/smart_crop/config/configuration_migrator.dart
DA:7,1
DA:13,1
DA:14,2
DA:16,2
DA:17,2
DA:18,3
DA:23,1
DA:26,1
DA:29,1
DA:34,1
DA:43,2
DA:44,1
LF:12
LH:12
end_of_record
SF:lib/features/smart_crop/engine/analyzer_runner.dart
DA:31,2
DA:41,2
DA:42,2
DA:44,4
DA:45,2
DA:46,1
DA:48,2
DA:53,2
DA:54,3
DA:55,1
DA:57,1
DA:67,0
DA:70,0
DA:77,2
DA:78,4
DA:79,2
DA:80,4
DA:90,2
DA:91,4
DA:92,2
DA:97,4
DA:106,2
DA:107,2
DA:108,4
DA:114,2
DA:124,5
DA:127,1
DA:128,4
DA:130,2
DA:131,2
DA:132,1
DA:134,2
DA:135,0
DA:137,8
DA:142,0
LF:35
LH:31
end_of_record
SF:lib/features/smart_crop/engine/crop_post_processor.dart
DA:8,2
DA:18,2
DA:20,2
DA:24,2
DA:25,1
DA:31,2
DA:39,2
DA:40,10
DA:41,0
DA:42,2
DA:44,2
DA:45,0
DA:46,0
DA:47,0
DA:48,0
DA:49,0
DA:50,0
DA:51,0
DA:52,0
DA:54,0
DA:57,0
DA:59,0
DA:60,0
DA:61,0
DA:64,0
DA:65,0
DA:74,1
DA:77,3
DA:78,1
DA:80,2
DA:81,4
DA:82,2
DA:83,2
DA:84,1
DA:87,2
LF:35
LH:19
end_of_record
SF:lib/features/smart_crop/utils/subject_fit_checker.dart
DA:19,0
DA:31,0
DA:41,0
DA:42,0
DA:45,0
DA:46,0
DA:47,0
DA:48,0
DA:50,0
DA:51,0
DA:52,0
DA:53,0
DA:56,0
DA:57,0
DA:59,0
DA:60,0
DA:61,0
DA:62,0
DA:64,0
DA:66,0
DA:68,0
DA:70,0
DA:71,0
DA:74,0
DA:75,0
DA:84,0
DA:85,0
DA:88,0
DA:89,0
DA:99,0
DA:106,0
DA:108,0
DA:111,0
DA:115,0
DA:116,0
DA:137,0
DA:141,0
DA:142,0
DA:144,0
DA:145,0
DA:146,0
DA:148,0
DA:149,0
DA:150,0
DA:152,0
DA:153,0
DA:157,0
DA:158,0
DA:169,0
DA:170,0
DA:172,0
DA:173,0
DA:177,0
DA:178,0
DA:179,0
DA:182,0
DA:183,0
DA:184,0
DA:188,0
DA:189,0
DA:190,0
DA:191,0
DA:193,0
DA:195,0
DA:196,0
DA:197,0
DA:198,0
DA:200,0
DA:202,0
DA:204,0
DA:210,0
LF:71
LH:0
end_of_record
SF:lib/features/smart_crop/engine/scoring_engine.dart
DA:10,2
DA:12,2
DA:14,2
DA:15,1
DA:18,2
DA:20,4
DA:21,6
DA:24,0
DA:25,0
DA:34,2
DA:36,2
DA:37,2
DA:38,0
DA:39,0
DA:42,0
DA:45,0
DA:52,8
DA:54,4
DA:56,2
DA:57,2
DA:58,2
DA:59,4
DA:60,4
DA:61,2
DA:65,0
DA:69,10
DA:71,2
DA:72,2
DA:73,6
DA:74,1
DA:77,4
DA:78,4
DA:79,4
DA:80,2
DA:81,2
DA:85,2
LF:36
LH:29
end_of_record
SF:lib/features/smart_crop/registry/analyzer_registry.dart
DA:11,0
DA:13,0
DA:15,0
DA:24,0
DA:27,0
DA:29,0
DA:34,6
DA:35,4
DA:36,2
DA:45,2
DA:47,5
DA:50,2
DA:51,2
DA:52,0
DA:60,2
DA:63,2
DA:66,4
DA:67,6
DA:68,6
DA:69,4
DA:71,4
DA:72,4
DA:77,0
DA:78,0
DA:83,0
DA:84,0
DA:85,0
DA:86,0
DA:92,0
DA:93,0
DA:94,0
DA:98,0
DA:99,0
DA:100,0
DA:101,0
DA:102,0
DA:108,2
DA:109,4
DA:113,0
DA:114,0
DA:118,1
DA:120,2
DA:121,6
DA:122,3
DA:123,2
DA:127,1
DA:128,1
DA:133,1
DA:137,2
DA:138,2
DA:139,2
DA:140,1
DA:147,0
DA:148,0
DA:149,0
DA:151,0
DA:155,0
DA:156,0
DA:160,1
DA:162,1
DA:163,2
DA:165,1
DA:166,1
DA:169,1
DA:173,1
DA:174,2
DA:175,5
DA:180,0
DA:181,0
DA:182,0
DA:183,0
DA:184,0
DA:185,0
DA:186,0
DA:188,0
DA:193,0
DA:194,0
DA:196,0
DA:197,0
DA:199,0
DA:200,0
DA:201,0
DA:203,0
DA:213,1
DA:215,3
DA:216,1
DA:217,1
DA:221,2
DA:222,2
DA:223,2
DA:224,2
DA:225,2
DA:229,2
DA:230,2
DA:233,4
DA:234,0
DA:239,5
DA:240,2
DA:241,0
DA:245,4
DA:246,0
DA:250,6
DA:251,0
DA:255,8
DA:256,0
DA:260,2
DA:261,6
DA:262,0
DA:265,6
DA:266,0
DA:274,2
DA:276,2
DA:277,6
DA:278,2
DA:279,6
DA:280,6
DA:281,0
DA:282,0
DA:283,0
DA:292,2
DA:294,2
DA:295,4
DA:296,0
DA:297,0
DA:298,0
DA:299,0
DA:307,0
DA:308,0
DA:310,0
DA:312,0
DA:313,0
DA:314,0
LF:132
LH:67
end_of_record
SF:lib/features/smart_crop/engine/smart_crop_engine.dart
DA:26,0
DA:28,0
DA:30,0
DA:35,3
DA:36,2
DA:37,1
DA:38,1
DA:39,1
DA:40,1
DA:41,3
DA:55,2
DA:57,1
DA:58,1
DA:61,3
DA:62,3
DA:63,3
DA:64,3
DA:65,3
DA:66,3
DA:67,3
DA:68,3
DA:69,3
DA:70,3
DA:72,1
DA:73,4
DA:74,2
DA:75,2
DA:76,2
DA:78,0
DA:83,1
DA:90,1
DA:92,2
DA:94,2
DA:95,3
DA:99,2
DA:100,2
DA:106,1
DA:107,0
DA:113,1
DA:116,1
DA:118,3
DA:124,1
DA:129,1
DA:130,0
DA:132,0
DA:133,0
DA:134,0
DA:138,2
DA:139,2
DA:142,1
DA:143,0
DA:144,0
DA:146,0
DA:147,0
DA:150,2
DA:155,3
DA:158,1
DA:159,0
DA:161,0
DA:162,0
DA:163,0
DA:166,2
DA:167,2
DA:175,1
DA:176,2
DA:177,3
DA:179,1
DA:180,2
DA:182,0
DA:183,0
DA:184,0
DA:185,0
DA:186,0
DA:188,0
DA:189,0
DA:190,0
DA:194,1
DA:196,2
DA:197,2
DA:198,2
DA:199,2
DA:202,0
DA:204,0
DA:211,1
DA:213,1
DA:219,1
DA:221,1
DA:223,1
DA:226,5
DA:230,1
DA:231,1
LF:91
LH:64
end_of_record
SF:lib/features/smart_crop/utils/error_handler.dart
DA:7,2
DA:8,1
DA:9,2
DA:10,1
DA:20,0
DA:21,0
DA:24,0
DA:25,0
DA:29,0
DA:30,0
DA:31,0
DA:34,0
DA:38,1
DA:39,1
DA:40,2
DA:41,2
DA:44,1
DA:45,0
DA:46,0
DA:55,0
DA:56,0
DA:57,0
DA:58,0
DA:59,0
DA:61,0
DA:62,0
DA:64,0
DA:65,0
DA:66,0
DA:68,0
DA:69,0
DA:70,0
DA:74,0
DA:75,0
DA:76,0
DA:79,0
DA:84,0
DA:85,0
DA:86,0
DA:88,0
DA:90,0
DA:92,0
DA:94,0
DA:96,0
DA:98,0
DA:100,0
DA:106,0
DA:107,0
DA:108,0
DA:110,0
DA:112,0
DA:114,0
DA:116,0
DA:118,0
DA:120,0
DA:122,0
DA:128,0
DA:129,0
DA:130,0
DA:131,0
DA:135,1
DA:136,2
DA:137,1
DA:138,1
DA:139,1
DA:142,0
DA:143,0
DA:145,0
DA:146,0
DA:147,0
DA:151,0
DA:152,0
DA:155,0
DA:156,0
DA:160,0
DA:163,0
DA:164,0
DA:170,0
DA:171,0
LF:79
LH:14
end_of_record
SF:lib/features/smart_crop/utils/crop_error.dart
DA:47,1
DA:57,1
DA:60,1
DA:72,1
DA:76,1
DA:80,0
DA:83,0
DA:84,0
DA:87,0
DA:91,0
DA:94,1
DA:108,0
DA:113,0
DA:125,1
DA:131,1
DA:133,2
DA:138,1
DA:139,2
DA:140,1
DA:146,0
DA:153,0
DA:155,0
DA:166,0
DA:168,0
DA:169,0
DA:170,0
LF:26
LH:12
end_of_record
SF:lib/features/smart_crop/utils/degradation_manager.dart
DA:12,3
DA:13,2
DA:14,1
DA:28,1
DA:39,0
DA:41,0
DA:48,0
DA:50,0
DA:51,0
DA:56,3
DA:57,1
DA:59,0
DA:63,1
DA:65,0
DA:66,0
DA:67,0
DA:68,0
DA:70,0
DA:72,0
DA:73,0
DA:78,2
DA:79,0
DA:80,2
DA:81,0
DA:88,0
DA:93,0
DA:96,0
DA:97,0
DA:98,0
DA:100,0
DA:101,0
DA:105,0
DA:108,0
DA:109,0
DA:110,0
DA:112,0
DA:113,0
DA:118,0
DA:121,0
DA:122,0
DA:123,0
DA:125,0
DA:126,0
DA:137,1
DA:143,1
DA:146,2
DA:148,3
DA:149,2
DA:150,1
DA:155,2
DA:156,2
DA:157,2
DA:158,1
DA:163,1
DA:167,0
DA:169,0
DA:170,0
DA:171,0
DA:174,0
DA:177,0
DA:180,0
DA:181,0
DA:182,0
DA:186,0
DA:187,0
DA:190,0
DA:193,0
DA:194,0
DA:195,0
DA:199,0
DA:200,0
DA:205,1
DA:207,0
DA:214,0
DA:219,0
DA:221,0
DA:223,0
DA:224,0
DA:226,0
DA:231,0
DA:233,0
DA:234,0
DA:236,0
DA:241,0
DA:243,0
DA:244,0
DA:246,0
DA:251,0
DA:260,0
DA:266,0
DA:268,0
DA:269,0
DA:272,0
DA:273,0
DA:274,0
DA:275,0
DA:279,0
DA:283,0
DA:284,0
DA:285,0
DA:286,0
DA:287,0
DA:288,0
DA:290,0
DA:291,0
DA:292,0
DA:294,0
DA:298,0
DA:299,0
DA:305,0
DA:306,0
DA:309,0
DA:311,0
DA:313,0
DA:315,0
DA:317,0
LF:116
LH:21
end_of_record
SF:lib/features/smart_crop/utils/fallback_strategies.dart
DA:24,4
DA:25,2
DA:26,4
DA:30,2
DA:31,4
DA:32,2
DA:33,2
DA:34,2
DA:35,2
DA:36,2
DA:41,1
DA:48,1
DA:50,2
DA:52,1
DA:61,1
DA:66,1
DA:68,1
DA:70,2
DA:71,1
DA:74,2
DA:76,1
DA:79,1
DA:86,1
DA:88,1
DA:90,1
DA:93,5
DA:99,1
DA:106,1
DA:107,1
DA:109,1
DA:110,1
DA:112,1
DA:113,1
DA:115,0
DA:117,0
DA:118,0
LF:36
LH:33
end_of_record
SF:lib/features/smart_crop/services/crop_analyzer_service.dart
DA:15,1
DA:22,2
DA:25,2
DA:26,2
DA:31,1
DA:34,1
DA:35,0
DA:36,0
DA:39,2
DA:44,1
DA:50,1
DA:51,2
DA:53,0
DA:55,0
DA:56,0
DA:60,0
DA:62,0
DA:63,0
DA:66,0
DA:68,0
DA:71,0
DA:74,0
DA:75,0
DA:76,0
DA:77,0
DA:78,0
DA:83,0
DA:85,0
DA:88,0
DA:89,0
DA:91,0
DA:97,0
DA:101,0
LF:33
LH:10
end_of_record
SF:lib/features/smart_crop/utils/image_utils.dart
DA:15,0
DA:17,0
DA:18,0
DA:21,0
DA:26,0
DA:29,0
DA:31,0
DA:34,0
DA:38,0
DA:39,0
DA:42,0
DA:44,0
DA:45,0
DA:46,0
DA:47,0
DA:51,0
DA:52,0
DA:53,0
DA:63,0
DA:64,0
DA:66,0
DA:68,0
DA:80,0
DA:82,0
DA:83,0
DA:86,0
DA:87,0
DA:88,0
DA:89,0
DA:90,0
DA:91,0
DA:102,0
DA:104,0
DA:114,0
DA:120,0
DA:121,0
DA:124,0
DA:125,0
DA:126,0
DA:128,0
DA:130,0
DA:132,0
DA:138,0
DA:147,0
DA:148,0
DA:149,0
DA:150,0
DA:151,0
DA:152,0
DA:153,0
DA:154,0
DA:155,0
DA:165,0
DA:170,0
DA:171,0
DA:172,0
DA:173,0
DA:174,0
DA:190,0
DA:200,0
DA:201,0
DA:202,0
DA:203,0
DA:204,0
DA:215,0
DA:216,0
DA:224,0
DA:225,0
DA:226,0
DA:227,0
DA:236,0
DA:237,0
DA:247,0
DA:256,0
DA:259,0
DA:266,0
DA:267,0
DA:268,0
DA:282,0
DA:285,0
DA:289,0
LF:81
LH:0
end_of_record
SF:lib/features/smart_crop/utils/battery_optimizer.dart
DA:15,1
DA:17,1
DA:18,1
DA:20,1
DA:24,1
DA:27,1
DA:29,1
DA:33,0
DA:34,0
DA:36,0
DA:40,0
DA:41,0
DA:43,0
DA:47,1
DA:48,1
DA:50,1
DA:54,1
DA:55,1
DA:60,2
DA:65,1
DA:72,1
DA:77,2
DA:91,1
DA:97,1
DA:100,1
DA:101,0
DA:105,1
DA:106,0
DA:110,1
DA:116,1
DA:121,1
DA:124,0
DA:125,0
DA:127,0
DA:129,0
DA:130,0
DA:134,0
DA:135,0
DA:138,0
DA:139,0
DA:141,0
DA:143,0
DA:144,0
DA:148,0
DA:149,0
DA:156,0
DA:157,0
DA:158,0
DA:167,0
DA:173,0
DA:174,0
DA:175,0
DA:176,0
DA:178,0
DA:217,0
DA:219,0
DA:220,0
DA:222,0
DA:223,0
DA:229,0
DA:231,0
DA:233,0
DA:235,0
DA:237,0
DA:243,1
DA:245,1
DA:246,0
DA:247,0
DA:249,0
DA:255,0
DA:257,0
DA:259,0
DA:261,0
DA:263,0
LF:74
LH:25
end_of_record
SF:lib/features/smart_crop/services/crop_cache_service.dart
DA:12,3
DA:13,6
DA:16,4
DA:17,8
DA:20,0
DA:21,0
DA:24,0
DA:25,0
DA:28,0
DA:29,0
DA:32,1
DA:37,2
DA:40,1
DA:46,2
DA:50,0
DA:51,0
DA:54,0
DA:55,0
DA:58,1
DA:59,2
DA:60,2
DA:61,2
DA:64,0
DA:65,0
DA:66,0
DA:68,0
DA:69,0
DA:70,0
DA:71,0
DA:72,0
DA:73,0
DA:74,0
DA:78,0
DA:79,0
DA:80,0
DA:81,0
LF:36
LH:12
end_of_record
SF:lib/features/smart_crop/services/crop_image_resolver.dart
DA:17,2
DA:29,2
DA:38,2
DA:41,2
DA:43,1
DA:48,2
DA:50,0
DA:51,0
DA:59,2
DA:61,4
DA:67,1
DA:70,0
DA:78,2
DA:80,0
DA:82,0
DA:85,0
DA:94,2
DA:95,4
DA:97,2
DA:98,2
DA:99,2
DA:102,2
DA:103,2
DA:106,1
DA:107,1
DA:110,1
DA:115,2
DA:120,0
DA:123,1
DA:124,1
DA:127,2
DA:128,3
DA:130,2
DA:133,2
DA:134,2
DA:135,1
DA:138,1
DA:139,1
DA:142,1
DA:147,1
DA:148,1
LF:41
LH:34
end_of_record
SF:lib/services/image_cache_service.dart
DA:22,1
DA:26,2
DA:27,2
DA:28,1
DA:29,3
DA:30,1
DA:31,1
DA:33,2
DA:34,1
DA:35,2
DA:44,0
DA:47,0
DA:48,0
DA:49,0
DA:50,0
DA:51,0
DA:52,0
DA:53,0
DA:54,0
DA:62,0
DA:65,0
DA:66,0
DA:67,0
DA:68,0
DA:70,0
DA:71,0
DA:73,0
DA:74,0
DA:81,1
DA:84,1
DA:85,0
DA:86,0
DA:87,0
DA:88,0
DA:89,0
DA:90,0
DA:91,0
DA:99,0
DA:102,0
DA:103,0
DA:104,0
DA:105,0
DA:106,0
DA:114,1
DA:117,1
DA:118,3
DA:119,1
DA:120,0
DA:122,2
DA:123,1
DA:124,2
DA:130,1
DA:133,1
DA:134,2
DA:135,1
DA:136,1
DA:137,1
DA:145,1
DA:149,1
DA:150,3
DA:151,1
DA:153,2
DA:155,3
DA:156,1
DA:157,1
DA:158,2
DA:159,1
DA:160,1
DA:170,0
DA:173,0
DA:174,0
DA:175,0
DA:176,0
DA:177,0
DA:178,0
LF:75
LH:36
end_of_record
SF:lib/features/smart_crop/smart_cropper.dart
DA:17,6
DA:18,3
DA:19,12
DA:20,3
DA:23,8
DA:24,4
DA:29,1
DA:30,2
DA:32,3
DA:33,6
DA:34,6
DA:37,4
DA:38,8
DA:41,0
DA:42,0
DA:43,0
DA:44,0
DA:45,0
DA:48,1
DA:53,2
DA:56,1
DA:63,2
DA:65,0
DA:67,0
DA:70,0
DA:77,2
DA:78,2
DA:87,2
DA:88,1
DA:89,3
DA:96,0
DA:100,0
DA:103,2
DA:108,4
DA:111,1
DA:118,1
DA:120,2
DA:122,1
DA:125,1
DA:126,2
DA:131,3
DA:132,0
DA:133,0
DA:134,0
DA:137,0
DA:138,0
DA:140,0
DA:142,0
DA:143,0
DA:146,0
DA:147,0
DA:148,0
DA:149,0
DA:160,1
LF:54
LH:32
end_of_record
SF:lib/features/smart_crop/services/device_service.dart
DA:9,1
DA:10,2
DA:11,1
DA:14,0
DA:15,0
DA:16,0
DA:18,0
DA:20,0
DA:21,0
DA:23,0
DA:26,0
DA:28,0
DA:30,0
DA:31,0
DA:32,0
DA:34,0
DA:37,0
DA:38,0
DA:39,0
LF:19
LH:3
end_of_record
SF:lib/features/smart_crop/services/image_processor.dart
DA:8,1
DA:13,1
DA:14,2
DA:17,0
DA:18,0
DA:21,0
DA:22,0
DA:24,0
DA:25,0
DA:26,0
DA:27,0
DA:29,0
DA:30,0
DA:32,0
DA:34,0
DA:36,0
DA:37,0
DA:38,0
DA:39,0
DA:40,0
DA:43,0
DA:49,0
DA:51,0
DA:52,0
DA:55,0
DA:57,0
DA:59,0
DA:60,0
DA:61,0
DA:62,0
DA:65,0
DA:70,2
DA:76,2
DA:77,0
DA:80,8
DA:81,0
DA:84,2
DA:85,2
DA:87,4
DA:88,4
DA:89,4
DA:90,4
DA:92,4
DA:93,0
DA:94,0
DA:97,2
DA:98,2
DA:99,6
DA:101,6
DA:103,4
DA:104,0
DA:107,4
DA:108,0
DA:109,0
DA:110,0
DA:111,0
DA:114,0
DA:115,0
DA:116,0
DA:117,0
DA:120,0
DA:121,0
DA:123,0
DA:127,0
DA:128,0
DA:130,0
DA:132,0
DA:136,2
DA:137,2
DA:138,6
DA:139,2
DA:145,4
DA:146,0
DA:147,4
DA:148,2
DA:151,4
DA:152,4
DA:154,4
DA:155,4
DA:157,2
DA:158,0
DA:159,0
DA:160,0
DA:161,0
DA:162,0
DA:163,0
DA:164,0
DA:168,2
DA:169,1
DA:170,1
DA:171,0
DA:172,0
DA:173,1
DA:174,0
DA:175,0
DA:179,2
DA:180,2
DA:181,2
DA:183,6
DA:185,2
DA:187,2
DA:191,0
DA:195,2
DA:201,2
DA:202,2
DA:204,4
DA:205,4
DA:206,8
DA:207,8
DA:210,0
DA:211,0
DA:213,0
DA:215,0
DA:216,0
DA:217,0
DA:221,0
DA:222,0
DA:223,0
DA:227,4
DA:229,2
DA:230,2
DA:231,4
DA:232,4
DA:235,2
DA:239,0
DA:240,0
DA:241,0
DA:243,0
DA:244,0
DA:246,0
DA:247,0
DA:252,0
DA:253,0
DA:254,0
DA:255,0
DA:258,0
DA:259,0
DA:262,0
DA:263,0
DA:265,0
DA:267,0
DA:268,0
DA:269,0
DA:270,0
DA:273,0
LF:145
LH:54
end_of_record
SF:lib/features/smart_crop/utils/post_crop_scaler.dart
DA:18,2
DA:20,4
DA:21,2
DA:24,2
DA:25,2
DA:26,2
DA:28,10
DA:32,10
DA:51,2
DA:55,2
DA:57,2
DA:58,2
DA:59,4
DA:60,4
DA:63,4
DA:69,3
DA:70,2
DA:71,2
DA:73,1
DA:74,1
DA:76,2
DA:78,1
DA:80,1
DA:81,3
DA:85,1
DA:86,1
DA:87,1
LF:27
LH:27
end_of_record
SF:lib/features/smart_crop/utils/degradation_fallback_strategy.dart
DA:9,0
DA:15,1
DA:17,4
LF:3
LH:2
end_of_record
SF:lib/features/smart_crop/utils/fallback_strategies/intelligent_center_strategy.dart
DA:9,2
DA:16,10
DA:17,6
DA:18,6
DA:23,2
DA:25,1
DA:26,1
DA:29,2
DA:30,2
DA:33,4
DA:34,4
DA:35,6
DA:36,6
DA:38,2
DA:48,1
DA:54,1
DA:61,1
DA:63,1
DA:64,2
DA:67,2
DA:69,4
LF:21
LH:21
end_of_record
SF:lib/features/smart_crop/utils/fallback_strategies/aspect_ratio_aware_strategy.dart
DA:9,2
DA:16,10
DA:17,6
DA:18,6
DA:24,2
DA:25,2
DA:27,3
DA:29,2
DA:30,1
DA:32,4
DA:34,6
DA:36,4
DA:37,2
DA:40,6
DA:41,6
DA:43,2
DA:53,1
DA:59,1
DA:66,1
DA:69,1
DA:70,0
DA:72,2
DA:73,3
DA:77,2
DA:78,4
LF:25
LH:24
end_of_record
SF:lib/features/smart_crop/utils/fallback_strategies/user_preference_strategy.dart
DA:9,1
DA:16,2
DA:18,5
DA:19,3
DA:20,3
DA:25,1
DA:27,1
DA:29,3
DA:32,0
DA:34,0
DA:37,2
DA:38,2
DA:39,3
DA:40,3
DA:42,1
DA:52,0
DA:58,0
DA:65,1
DA:67,1
DA:69,1
DA:71,1
DA:83,2
LF:22
LH:18
end_of_record
SF:lib/features/smart_crop/utils/fallback_strategies/safe_zone_strategy.dart
DA:9,2
DA:18,10
DA:19,6
DA:20,6
DA:22,4
DA:23,4
DA:28,2
DA:29,1
DA:30,1
DA:31,2
DA:33,2
DA:34,2
DA:35,4
DA:38,4
DA:39,4
DA:41,2
DA:42,2
DA:44,2
DA:54,1
DA:60,1
LF:20
LH:20
end_of_record
SF:lib/features/smart_crop/utils/fallback_strategies/ultimate_center_strategy.dart
DA:9,0
DA:16,0
DA:17,0
DA:18,0
DA:22,0
DA:24,0
DA:27,0
DA:30,0
DA:31,0
DA:33,0
DA:34,0
DA:35,0
DA:43,0
DA:50,0
LF:14
LH:0
end_of_record
SF:lib/features/smart_crop/utils/fallback_strategies/fallback_score_helper.dart
DA:6,1
DA:13,3
DA:14,3
DA:15,2
DA:17,1
DA:18,1
DA:19,0
DA:20,0
DA:23,1
DA:24,1
DA:25,6
DA:26,6
DA:29,1
DA:30,0
DA:34,3
DA:35,2
DA:36,1
DA:40,1
DA:41,1
DA:43,1
DA:44,1
DA:46,1
DA:47,0
DA:51,2
LF:24
LH:20
end_of_record
SF:lib/features/smart_crop/utils/screen_utils.dart
DA:24,0
DA:26,0
DA:27,0
DA:30,0
DA:31,0
DA:33,0
DA:38,0
DA:39,0
DA:41,0
DA:51,0
DA:53,0
DA:54,0
DA:57,0
DA:58,0
DA:59,0
DA:61,0
DA:62,0
DA:63,0
DA:77,1
DA:79,2
DA:80,1
DA:83,1
DA:84,1
DA:86,1
DA:87,1
DA:88,1
DA:103,1
DA:108,4
DA:109,0
DA:112,3
DA:116,1
DA:118,0
DA:119,0
DA:122,1
DA:123,1
DA:128,2
DA:129,0
DA:130,0
DA:131,0
DA:135,1
DA:144,0
DA:151,0
DA:152,0
DA:153,0
DA:160,0
DA:161,0
DA:172,0
DA:173,0
DA:181,0
DA:182,0
DA:191,0
DA:193,0
DA:195,0
DA:199,0
DA:200,0
DA:201,0
DA:203,0
DA:212,0
DA:216,0
DA:218,0
DA:220,0
DA:221,0
DA:222,0
DA:225,0
DA:226,0
DA:227,0
DA:236,0
DA:238,0
DA:246,0
DA:247,0
DA:249,0
DA:262,0
DA:266,0
DA:268,0
DA:269,0
DA:273,0
DA:275,0
DA:276,0
DA:277,0
DA:280,0
DA:281,0
DA:282,0
LF:82
LH:16
end_of_record
SF:lib/services/image_preloader_service.dart
DA:20,1
DA:21,0
DA:22,2
DA:24,2
DA:29,1
DA:35,0
DA:57,0
DA:59,0
DA:61,0
DA:63,0
DA:66,0
DA:75,1
DA:77,1
DA:78,1
DA:81,1
DA:82,2
DA:83,1
DA:84,2
DA:85,2
DA:86,1
DA:87,3
DA:89,2
DA:90,2
DA:93,1
DA:95,3
DA:97,1
DA:98,2
DA:104,1
DA:105,2
DA:107,2
DA:114,0
DA:115,0
DA:116,0
DA:117,0
DA:119,0
DA:120,0
DA:121,0
DA:122,0
DA:123,0
DA:126,0
DA:130,0
DA:131,0
DA:133,0
DA:134,0
DA:136,0
DA:137,0
DA:138,0
DA:139,0
DA:140,0
DA:146,0
DA:147,0
DA:148,0
DA:149,0
DA:151,0
DA:155,0
DA:158,0
DA:161,0
DA:163,0
DA:167,0
DA:168,0
DA:171,0
DA:174,0
DA:182,0
DA:184,0
DA:186,0
DA:189,0
DA:191,0
DA:193,0
DA:197,0
DA:198,0
DA:201,0
DA:204,0
DA:205,0
DA:209,0
DA:210,0
DA:211,0
DA:214,0
DA:219,0
DA:220,0
DA:221,0
DA:222,0
DA:223,0
DA:224,0
DA:226,0
DA:227,0
DA:230,0
DA:232,0
DA:234,0
DA:235,0
DA:241,0
DA:242,0
DA:244,0
DA:251,0
DA:252,0
DA:254,0
DA:255,0
DA:259,0
DA:262,0
DA:264,0
DA:269,0
DA:271,0
DA:272,0
DA:273,0
DA:278,0
DA:282,0
DA:288,0
DA:289,0
DA:292,0
DA:293,0
DA:294,0
DA:297,0
DA:299,0
DA:303,0
DA:305,0
DA:311,0
DA:313,0
DA:315,0
DA:316,0
DA:320,0
DA:321,0
DA:322,0
DA:323,0
DA:324,0
DA:325,0
DA:333,0
DA:334,0
DA:338,0
DA:341,0
DA:343,0
DA:348,0
DA:352,0
DA:355,0
DA:356,0
DA:358,0
DA:359,0
DA:360,0
DA:361,0
DA:362,0
DA:363,0
DA:366,0
DA:371,0
DA:374,0
DA:376,0
DA:382,0
DA:383,0
DA:384,0
DA:388,1
DA:389,1
DA:390,2
DA:394,0
DA:395,0
DA:396,0
DA:400,0
DA:401,0
DA:402,0
DA:405,0
DA:407,0
DA:408,0
DA:411,0
DA:413,0
DA:414,0
DA:418,0
DA:419,0
DA:420,0
DA:426,0
DA:427,0
DA:428,0
DA:429,0
DA:430,0
DA:434,0
DA:435,0
DA:436,0
DA:437,0
DA:438,0
DA:440,0
DA:441,0
DA:442,0
DA:446,0
DA:447,0
DA:448,0
DA:449,0
DA:450,0
DA:452,0
DA:453,0
DA:454,0
DA:460,0
DA:462,0
DA:463,0
DA:465,0
DA:466,0
DA:470,0
DA:473,0
DA:474,0
DA:475,0
DA:476,0
DA:480,1
DA:481,3
DA:485,1
DA:486,3
LF:199
LH:30
end_of_record
SF:lib/services/intelligent_cache_service.dart
DA:6,2
DA:7,1
DA:8,2
DA:9,1
DA:20,1
DA:22,1
DA:25,2
DA:26,0
DA:27,0
DA:31,3
DA:33,1
DA:38,2
DA:41,1
DA:45,1
DA:46,2
DA:50,0
DA:51,0
DA:56,0
DA:57,0
DA:58,0
DA:60,0
DA:64,0
DA:65,0
DA:67,0
DA:68,0
DA:73,0
DA:74,0
DA:75,0
DA:79,1
DA:80,1
DA:81,1
DA:83,2
DA:84,0
DA:85,0
DA:89,1
DA:90,0
DA:95,1
DA:96,3
DA:102,0
DA:103,0
DA:105,0
DA:106,0
DA:107,0
DA:109,0
DA:110,0
DA:116,0
DA:124,1
DA:125,3
DA:126,2
DA:128,2
DA:129,2
DA:133,0
DA:134,0
DA:135,0
DA:137,0
DA:138,0
DA:142,0
DA:143,0
DA:146,0
DA:147,0
DA:150,0
DA:153,0
DA:155,0
DA:157,0
DA:170,1
LF:65
LH:26
end_of_record
SF:lib/widgets/optimized_image_widget.dart
DA:16,1
DA:23,1
DA:25,1
DA:26,1
DA:38,1
DA:41,1
DA:43,1
DA:44,1
DA:47,0
DA:49,0
DA:50,0
DA:51,0
DA:55,1
DA:56,1
DA:58,2
DA:59,1
DA:60,1
DA:65,1
DA:66,2
DA:68,0
DA:69,0
DA:70,0
DA:71,0
DA:80,2
DA:81,4
DA:84,4
DA:88,2
DA:90,1
DA:91,2
DA:92,1
DA:93,1
DA:100,1
DA:102,1
DA:103,2
DA:104,2
DA:105,1
DA:111,1
DA:115,4
DA:116,1
DA:118,1
DA:121,1
DA:122,0
DA:123,0
DA:124,0
DA:126,0
DA:128,1
DA:129,1
DA:130,1
DA:132,1
DA:136,1
DA:138,1
DA:141,0
DA:142,0
DA:144,0
DA:145,0
DA:146,0
DA:147,0
DA:151,1
DA:152,2
DA:153,2
DA:154,1
DA:160,1
DA:161,7
DA:164,1
DA:166,1
DA:168,1
DA:169,2
DA:170,0
DA:171,0
DA:172,0
DA:173,0
DA:175,0
DA:176,0
DA:177,0
DA:178,0
DA:180,0
DA:188,1
DA:189,1
DA:190,1
DA:191,4
DA:197,1
DA:198,2
DA:199,0
DA:200,0
DA:201,0
DA:202,0
DA:204,0
DA:205,0
DA:206,0
DA:207,0
DA:209,0
DA:210,0
DA:217,0
DA:219,0
DA:221,0
DA:229,0
DA:238,1
DA:240,1
DA:242,4
DA:244,7
DA:245,2
DA:248,3
DA:250,3
DA:252,2
DA:253,2
DA:256,0
DA:258,0
DA:259,0
DA:260,0
LF:109
LH:64
end_of_record
SF:lib/features/settings/bloc/settings_bloc.dart
DA:17,1
DA:20,0
DA:21,0
DA:22,2
DA:23,2
DA:24,2
DA:25,2
DA:26,2
DA:27,2
DA:28,2
DA:31,1
DA:33,4
DA:35,2
DA:36,1
DA:37,1
DA:39,0
DA:41,0
DA:42,0
DA:43,0
DA:46,0
DA:47,0
DA:49,0
DA:50,0
DA:55,0
DA:62,1
DA:63,4
DA:64,1
DA:69,1
DA:71,2
DA:72,2
DA:73,1
DA:74,5
DA:78,0
DA:80,0
DA:81,0
DA:82,0
DA:86,0
DA:88,0
DA:89,0
DA:92,0
DA:95,0
DA:97,0
DA:98,0
DA:99,0
DA:105,0
DA:108,0
DA:109,0
DA:110,0
DA:111,0
DA:112,0
DA:117,0
DA:120,0
DA:121,0
DA:122,0
DA:123,0
DA:124,0
DA:128,0
DA:129,0
DA:131,0
DA:132,0
DA:133,0
DA:135,0
DA:139,0
LF:63
LH:21
end_of_record
SF:lib/features/settings/bloc/settings_state.dart
DA:22,1
LF:1
LH:1
end_of_record
SF:lib/data/models/bing/bing_region_enum.g.dart
DA:21,0
DA:23,0
DA:25,0
DA:27,0
DA:29,0
DA:31,0
DA:33,0
DA:35,0
DA:37,0
DA:39,0
DA:41,0
DA:43,0
DA:46,0
DA:50,0
DA:51,0
DA:66,1
DA:67,0
DA:68,0
DA:69,0
DA:70,0
DA:71,0
DA:72,0
DA:73,0
DA:74,0
DA:75,0
DA:76,0
DA:77,0
DA:78,0
DA:79,0
DA:84,0
DA:87,0
DA:88,0
DA:124,0
DA:127,0
DA:129,0
DA:132,0
DA:133,0
LF:37
LH:1
end_of_record
SF:lib/data/models/bing/bing_region_enum.dart
DA:8,0
DA:9,0
DA:34,2
DA:35,0
DA:36,0
DA:38,1
DA:40,1
DA:42,1
DA:44,1
DA:46,1
DA:48,1
DA:50,1
DA:52,1
DA:54,1
DA:56,1
DA:58,1
DA:60,1
DA:64,0
DA:67,0
DA:69,0
DA:70,0
DA:71,0
DA:72,0
DA:73,0
DA:75,0
DA:76,0
DA:77,0
DA:79,0
DA:80,0
DA:81,0
DA:82,0
DA:83,0
DA:84,0
DA:85,0
DA:86,0
DA:87,0
DA:89,0
DA:93,0
DA:96,1
DA:98,1
DA:100,1
DA:102,1
DA:104,1
DA:106,1
DA:108,1
DA:110,1
DA:112,1
DA:114,1
DA:116,1
DA:118,1
DA:121,1
LF:51
LH:26
end_of_record
SF:lib/data/repositories/image_repository.dart
DA:16,4
DA:20,0
DA:21,0
DA:22,0
DA:25,3
DA:26,6
DA:28,0
DA:29,0
DA:32,2
DA:33,4
DA:35,0
DA:36,0
DA:38,0
DA:42,0
DA:45,9
DA:47,0
DA:48,0
DA:50,0
DA:51,0
DA:54,0
DA:57,0
DA:58,0
LF:22
LH:6
end_of_record
SF:lib/core/preferences/pref_helper_adapter.dart
DA:5,0
DA:6,0
DA:8,0
DA:10,0
DA:12,0
DA:14,0
DA:16,0
DA:17,0
DA:19,0
DA:21,0
DA:23,0
DA:25,0
DA:27,0
DA:29,0
DA:31,0
DA:33,0
DA:35,0
DA:38,0
DA:40,0
DA:41,0
DA:43,0
DA:44,0
DA:46,0
DA:48,0
DA:50,0
DA:51,0
LF:26
LH:0
end_of_record
SF:lib/data/datasources/bing_service.dart
DA:14,2
DA:16,2
DA:19,8
DA:21,4
DA:22,6
DA:23,2
DA:25,3
DA:29,0
DA:32,0
DA:34,0
DA:35,0
DA:36,0
DA:38,0
DA:42,2
DA:44,4
DA:45,0
DA:48,4
DA:49,4
DA:50,4
DA:51,12
DA:56,6
DA:58,4
DA:60,2
DA:63,4
DA:64,4
DA:65,4
DA:66,2
LF:27
LH:20
end_of_record
SF:lib/data/models/bing/bing_images.dart
DA:11,2
DA:13,2
DA:14,2
LF:3
LH:3
end_of_record
SF:lib/data/models/bing/bing_images.g.dart
DA:9,4
DA:10,2
DA:11,6
DA:12,2
DA:15,0
DA:16,0
DA:17,0
LF:7
LH:4
end_of_record
SF:lib/data/datasources/nasa_service.dart
DA:18,1
DA:20,4
DA:22,1
DA:24,1
DA:26,3
DA:29,3
DA:33,2
DA:34,2
DA:35,1
DA:37,1
DA:38,1
DA:39,2
DA:40,1
DA:45,1
DA:47,0
DA:50,1
DA:54,0
DA:56,0
DA:58,0
DA:61,0
DA:65,0
DA:66,0
DA:67,0
DA:69,0
DA:70,0
DA:71,0
DA:72,0
DA:77,0
DA:79,0
DA:82,0
DA:86,0
DA:88,0
DA:90,0
DA:91,0
DA:93,0
DA:94,0
DA:96,0
DA:97,0
DA:100,0
DA:104,0
DA:105,0
DA:106,0
DA:108,0
DA:109,0
DA:110,0
DA:111,0
DA:112,0
DA:113,0
DA:119,0
DA:122,0
DA:126,1
DA:127,2
DA:128,1
DA:129,1
DA:131,2
DA:132,1
DA:133,0
DA:134,0
DA:135,0
DA:137,1
DA:139,1
DA:141,1
DA:142,1
DA:143,2
DA:145,1
DA:149,0
DA:150,0
DA:151,0
DA:152,0
DA:155,0
DA:157,0
DA:158,0
DA:161,0
DA:162,0
DA:163,0
DA:165,0
DA:168,1
DA:169,1
DA:170,0
DA:171,0
DA:174,1
DA:176,2
DA:177,1
DA:178,2
DA:181,1
DA:190,1
DA:192,0
DA:194,0
LF:88
LH:35
end_of_record
SF:lib/data/datasources/pexels_service.dart
DA:17,3
DA:21,1
DA:23,1
DA:24,3
DA:25,1
DA:26,0
DA:31,0
DA:33,0
DA:34,0
DA:38,0
DA:40,0
DA:42,0
DA:44,0
DA:48,1
DA:51,1
DA:52,1
DA:53,3
DA:54,1
DA:56,0
DA:60,0
DA:64,0
DA:70,0
DA:71,0
DA:72,0
DA:74,0
DA:78,1
DA:79,1
DA:80,1
DA:85,1
DA:87,2
DA:88,1
DA:91,5
DA:93,3
DA:94,1
DA:95,0
DA:97,1
DA:98,1
DA:101,1
DA:102,1
DA:103,1
DA:109,0
DA:111,0
DA:118,0
DA:120,0
DA:121,0
DA:125,0
DA:126,0
DA:127,0
DA:128,0
DA:129,0
DA:135,1
DA:137,1
DA:139,3
DA:140,1
DA:141,1
DA:143,1
DA:146,0
DA:152,0
DA:153,0
DA:154,0
DA:155,0
DA:156,0
DA:158,0
DA:160,0
DA:161,0
DA:162,0
DA:165,1
DA:166,1
DA:168,3
DA:169,1
DA:171,1
DA:172,1
DA:173,0
DA:174,0
DA:177,0
DA:178,0
DA:179,0
DA:183,1
DA:184,2
DA:185,3
DA:188,0
DA:189,0
DA:190,0
DA:191,0
DA:192,0
DA:196,1
DA:197,1
DA:198,1
DA:199,1
DA:200,3
DA:201,0
DA:206,4
DA:213,0
DA:214,0
DA:216,0
LF:95
LH:45
end_of_record
SF:lib/data/models/bing/bing_image.dart
DA:34,2
DA:49,2
DA:50,2
LF:3
LH:3
end_of_record
SF:lib/data/models/bing/bing_image.g.dart
DA:9,4
DA:10,4
DA:11,2
DA:12,4
DA:13,2
DA:14,2
DA:15,2
DA:16,2
DA:17,2
DA:18,2
DA:19,2
DA:20,4
DA:21,4
DA:22,4
DA:25,0
DA:26,0
DA:27,0
DA:28,0
DA:29,0
DA:30,0
DA:31,0
DA:32,0
DA:33,0
DA:34,0
DA:35,0
DA:36,0
DA:37,0
DA:38,0
LF:28
LH:14
end_of_record
SF:lib/data/models/nasa/nasa_response.dart
DA:11,1
DA:22,1
DA:23,1
DA:24,1
DA:25,1
DA:26,1
DA:27,1
DA:28,1
DA:29,1
DA:30,1
DA:31,1
DA:35,0
DA:36,0
DA:37,0
DA:38,0
DA:39,0
DA:40,0
DA:41,0
DA:42,0
DA:43,0
DA:44,0
DA:49,4
DA:52,5
DA:55,1
DA:57,2
DA:58,0
DA:63,0
DA:65,0
LF:28
LH:15
end_of_record
SF:lib/data/models/pexels/pexels_response.dart
DA:11,1
DA:20,1
DA:21,1
DA:22,1
DA:23,1
DA:24,1
DA:25,3
DA:26,1
DA:27,0
DA:28,1
DA:29,1
DA:30,1
DA:34,0
DA:35,0
DA:36,0
DA:37,0
DA:38,0
DA:39,0
DA:40,0
DA:41,0
LF:20
LH:11
end_of_record
SF:lib/data/models/pexels/pexels_photo.dart
DA:11,1
DA:22,1
DA:23,1
DA:24,1
DA:25,1
DA:26,1
DA:27,1
DA:28,1
DA:29,1
DA:30,1
DA:31,1
DA:35,0
DA:36,0
DA:37,0
DA:38,0
DA:39,0
DA:40,0
DA:41,0
DA:42,0
DA:43,0
DA:44,0
DA:62,1
DA:76,1
DA:77,1
DA:78,1
DA:79,1
DA:80,1
DA:81,1
DA:82,1
DA:83,1
DA:84,1
DA:85,1
DA:86,2
DA:87,1
DA:88,1
DA:92,0
DA:93,0
DA:94,0
DA:95,0
DA:96,0
DA:97,0
DA:98,0
DA:99,0
DA:100,0
DA:101,0
DA:102,0
DA:103,0
DA:104,0
LF:48
LH:25
end_of_record
SF:lib/features/settings/bloc/bing_region_state.dart
DA:7,0
DA:8,0
DA:10,0
DA:16,0
DA:18,0
LF:5
LH:0
end_of_record
SF:lib/features/smart_crop/utils/performance_monitor.dart
DA:7,3
DA:8,2
DA:9,1
DA:19,1
DA:20,2
DA:23,3
DA:24,2
DA:28,1
DA:31,1
DA:35,1
DA:40,1
DA:44,1
DA:45,1
DA:48,1
DA:52,1
DA:58,1
DA:62,1
DA:64,1
DA:67,1
DA:71,1
DA:72,2
DA:73,0
DA:76,2
DA:77,5
DA:78,1
DA:80,5
DA:81,1
DA:83,2
DA:86,1
DA:87,3
DA:90,5
DA:91,3
DA:92,1
DA:93,1
DA:95,1
DA:97,1
DA:111,1
DA:112,2
DA:116,0
DA:117,0
DA:121,0
DA:122,0
DA:123,0
DA:124,0
DA:127,0
DA:129,0
DA:131,0
DA:132,0
DA:133,0
DA:135,0
DA:136,0
DA:137,0
DA:138,0
DA:140,0
DA:141,0
DA:142,0
DA:147,0
DA:148,0
DA:149,0
DA:150,0
DA:152,0
DA:153,0
DA:157,0
DA:158,0
DA:160,0
DA:163,0
DA:164,0
DA:165,0
DA:166,0
DA:168,0
DA:173,0
DA:178,0
DA:180,0
DA:183,0
DA:185,0
DA:187,0
DA:189,0
DA:193,0
DA:194,0
DA:196,0
DA:197,0
DA:203,0
DA:204,0
DA:205,0
DA:206,0
DA:207,0
DA:209,0
DA:210,0
DA:211,0
DA:212,0
DA:213,0
DA:214,0
DA:215,0
DA:217,0
DA:218,0
DA:223,1
DA:224,2
DA:225,2
DA:226,2
DA:230,1
DA:231,3
DA:232,2
DA:234,1
DA:235,1
DA:236,2
DA:237,3
DA:238,3
DA:239,3
DA:240,1
DA:241,1
DA:242,1
DA:243,1
DA:244,2
DA:245,2
DA:247,1
DA:248,1
DA:249,1
DA:250,1
DA:251,2
DA:252,2
DA:254,1
DA:257,3
DA:261,1
DA:262,4
DA:263,2
DA:266,2
DA:267,1
DA:270,3
DA:274,0
DA:275,0
DA:278,0
DA:280,0
DA:284,0
DA:286,0
DA:287,0
DA:289,0
DA:290,0
DA:292,0
DA:293,0
DA:296,0
LF:140
LH:70
end_of_record
SF:lib/features/smart_crop/utils/performance_monitor_models.dart
DA:10,1
DA:19,0
DA:20,0
DA:21,0
DA:22,0
DA:23,0
DA:24,0
DA:25,0
DA:26,0
DA:43,2
DA:55,0
DA:69,0
DA:70,0
DA:71,0
DA:72,0
DA:73,0
DA:74,0
DA:75,0
DA:76,0
DA:77,0
DA:78,0
DA:79,0
DA:95,1
DA:106,1
DA:107,1
DA:113,1
DA:117,0
DA:119,0
DA:120,0
DA:121,0
DA:124,0
DA:125,0
DA:126,0
DA:127,0
DA:128,0
DA:129,0
DA:130,0
DA:131,0
DA:132,0
DA:133,0
DA:134,0
DA:135,0
DA:150,0
DA:160,0
DA:161,0
DA:162,0
DA:163,0
DA:165,0
DA:166,0
DA:167,0
DA:168,0
DA:169,0
DA:182,1
DA:190,0
DA:200,0
DA:201,0
DA:202,0
DA:203,0
DA:204,0
DA:205,0
DA:206,0
DA:219,0
DA:227,0
DA:228,0
DA:229,0
DA:230,0
DA:231,0
DA:232,0
DA:233,0
LF:69
LH:7
end_of_record
SF:lib/features/history/bloc/history_bloc.dart
DA:16,1
DA:20,0
DA:22,0
DA:23,0
DA:24,3
DA:25,2
DA:26,2
DA:27,2
DA:28,2
DA:31,1
DA:33,1
DA:34,4
DA:36,3
DA:39,2
DA:40,2
DA:42,1
DA:44,1
DA:45,2
DA:46,1
DA:48,0
DA:49,0
DA:53,3
DA:55,1
DA:56,2
DA:63,0
DA:64,0
DA:65,0
DA:67,0
DA:73,1
DA:75,1
DA:76,1
DA:77,0
DA:78,0
DA:79,2
DA:80,0
DA:83,2
DA:84,1
DA:87,3
DA:88,2
DA:90,1
DA:92,1
DA:93,2
DA:94,1
DA:96,2
DA:97,1
DA:101,3
DA:103,1
DA:104,2
DA:106,1
DA:111,0
DA:112,0
DA:113,0
DA:114,0
DA:121,0
DA:124,0
DA:125,0
DA:126,0
DA:129,0
DA:130,0
DA:131,0
DA:133,0
DA:134,0
DA:139,0
DA:140,0
DA:146,0
DA:147,0
DA:149,0
DA:156,0
DA:158,0
DA:159,0
DA:160,0
DA:161,0
DA:167,1
DA:169,1
LF:74
LH:39
end_of_record
SF:lib/features/history/screens/widgets/history_wallpaper_fab.dart
DA:13,1
DA:17,1
DA:19,1
DA:21,1
DA:22,1
DA:23,1
DA:24,1
DA:25,0
DA:26,0
DA:27,0
DA:29,0
DA:30,0
DA:34,0
DA:35,0
DA:36,0
DA:37,0
DA:38,0
DA:45,1
DA:50,2
DA:51,2
DA:52,1
DA:53,1
DA:54,0
DA:61,1
DA:62,1
DA:63,2
DA:64,3
LF:27
LH:16
end_of_record
SF:lib/widgets/wallpaper_button.dart
DA:5,2
DA:12,2
DA:20,2
DA:22,4
DA:24,2
DA:30,4
DA:31,1
DA:34,2
DA:36,2
DA:39,4
DA:40,0
DA:41,2
DA:46,4
DA:50,2
DA:53,0
DA:60,0
DA:61,0
DA:74,0
DA:75,0
DA:85,1
DA:87,1
DA:88,1
DA:90,1
DA:92,1
LF:24
LH:18
end_of_record
SF:lib/features/history/domain/usecases/fetch_history_usecase.dart
DA:8,0
DA:9,0
DA:11,0
DA:12,0
DA:15,0
DA:16,0
LF:6
LH:0
end_of_record
SF:lib/features/wallpaper/domain/usecases/apply_wallpaper.dart
DA:29,1
DA:34,0
DA:35,0
DA:37,0
DA:39,1
DA:41,2
DA:42,1
DA:47,1
DA:48,3
DA:49,1
DA:51,1
DA:52,3
DA:54,3
DA:56,0
DA:58,1
DA:59,1
DA:63,3
DA:65,4
DA:66,4
DA:69,5
DA:74,1
DA:75,1
DA:76,1
DA:77,5
DA:78,3
DA:79,4
DA:82,1
DA:87,1
DA:92,1
DA:93,0
DA:95,2
DA:99,4
DA:101,3
DA:103,3
DA:105,0
DA:107,1
DA:108,1
DA:112,3
DA:116,1
DA:117,1
DA:122,1
DA:123,2
DA:124,1
DA:125,2
DA:129,1
DA:133,1
DA:134,2
LF:47
LH:41
end_of_record
SF:lib/features/smart_crop/smart_cropper_cache_adapter.dart
DA:8,2
DA:10,0
DA:12,0
DA:14,0
DA:16,0
LF:5
LH:1
end_of_record
SF:lib/services/wallpaper/wallpaper_service.dart
DA:21,0
DA:23,0
DA:26,0
DA:28,0
DA:31,0
DA:33,0
DA:36,0
DA:38,0
LF:8
LH:0
end_of_record
SF:lib/features/history/screens/widgets/history_app_bar.dart
DA:15,1
DA:21,1
DA:23,0
DA:26,1
DA:28,1
DA:29,1
DA:30,1
DA:31,1
DA:32,1
DA:33,1
DA:34,1
DA:35,2
DA:39,1
DA:41,1
DA:42,1
DA:45,1
DA:49,1
DA:50,1
DA:51,1
DA:52,1
DA:53,1
DA:54,1
DA:57,1
DA:58,1
DA:61,1
DA:65,0
DA:66,0
DA:67,0
DA:68,0
DA:69,0
DA:70,0
DA:72,0
DA:79,1
DA:80,0
DA:81,0
DA:82,0
DA:83,0
DA:84,0
DA:85,0
DA:86,0
DA:88,0
DA:92,0
DA:95,1
DA:98,1
DA:99,1
DA:102,1
DA:106,2
DA:107,1
DA:109,1
DA:110,1
DA:113,3
DA:117,1
DA:119,1
DA:120,1
DA:123,3
DA:127,1
DA:129,1
DA:130,1
DA:133,3
LF:59
LH:42
end_of_record
SF:lib/widgets/date_selector.dart
DA:12,1
DA:18,1
DA:20,1
DA:22,1
DA:23,1
DA:24,1
DA:26,1
DA:27,1
DA:28,1
DA:29,1
DA:30,1
DA:34,1
DA:36,1
DA:37,1
DA:41,1
DA:42,1
DA:45,1
DA:50,1
DA:51,2
DA:52,1
DA:56,1
DA:57,1
DA:60,1
DA:65,2
DA:67,1
DA:70,1
DA:72,1
DA:75,1
DA:77,1
DA:81,1
DA:82,1
DA:85,1
DA:96,1
DA:97,1
DA:99,2
DA:100,2
DA:104,0
DA:105,0
DA:107,0
DA:108,0
DA:109,0
DA:110,0
DA:111,0
DA:112,0
DA:113,0
LF:45
LH:36
end_of_record
SF:lib/widgets/date_picker_dialog.dart
DA:9,1
DA:14,1
DA:16,1
DA:17,1
DA:23,1
DA:25,1
DA:26,1
DA:27,7
DA:30,1
DA:32,1
DA:34,1
DA:36,1
DA:38,1
DA:39,1
DA:40,1
DA:41,1
DA:47,1
DA:49,1
DA:50,1
DA:51,1
DA:52,1
DA:59,1
DA:60,1
DA:62,1
DA:63,3
DA:69,1
DA:71,1
DA:72,1
DA:74,2
DA:76,1
DA:77,1
DA:78,3
DA:87,1
DA:89,2
DA:96,1
DA:97,1
DA:100,1
DA:101,1
DA:102,1
DA:104,1
DA:105,1
DA:112,1
DA:114,1
DA:115,2
DA:116,1
DA:117,1
DA:118,1
DA:120,1
DA:121,1
DA:128,1
DA:132,1
DA:134,5
DA:136,6
DA:138,2
DA:140,1
DA:143,2
DA:144,2
DA:148,3
DA:149,5
DA:150,2
DA:153,1
DA:159,1
DA:160,3
DA:161,1
DA:162,2
DA:164,1
DA:165,4
DA:166,1
DA:168,1
DA:170,3
DA:172,4
DA:174,1
DA:176,1
DA:178,3
DA:184,1
DA:185,1
DA:187,1
DA:188,1
DA:189,2
DA:190,1
DA:195,1
DA:203,1
DA:205,1
DA:208,1
DA:209,3
DA:221,1
DA:222,1
DA:224,1
DA:226,1
DA:227,1
DA:228,4
DA:229,1
DA:231,1
DA:232,1
DA:242,1
DA:243,3
DA:244,3
DA:245,3
DA:248,1
DA:249,2
DA:250,3
DA:253,1
DA:254,3
DA:257,5
DA:258,6
DA:260,3
DA:261,3
DA:262,3
DA:265,1
DA:266,3
DA:269,5
DA:270,6
DA:272,3
DA:273,3
DA:274,3
DA:277,1
DA:278,1
DA:279,2
DA:280,7
DA:285,1
DA:286,1
DA:287,2
DA:288,7
LF:123
LH:123
end_of_record
SF:lib/features/wallpaper/domain/usecases/fetch_daily_images.dart
DA:20,2
DA:24,0
DA:25,0
DA:26,0
DA:28,2
DA:29,2
DA:32,4
DA:34,6
DA:37,2
DA:38,2
DA:39,2
DA:41,4
DA:48,2
DA:49,4
DA:53,2
DA:54,4
DA:58,2
DA:60,2
DA:63,2
DA:67,2
DA:68,4
DA:69,4
DA:70,2
DA:74,2
DA:76,4
DA:80,2
DA:81,6
DA:85,2
DA:86,2
DA:87,4
DA:91,0
DA:96,2
DA:98,4
DA:99,4
DA:101,4
DA:103,2
DA:104,6
DA:105,8
DA:109,2
DA:110,4
DA:113,2
DA:117,2
DA:120,0
DA:122,4
DA:126,2
DA:127,6
DA:131,2
DA:132,2
DA:133,4
DA:137,0
DA:142,2
DA:143,4
DA:144,2
DA:148,2
DA:149,2
DA:151,4
DA:155,4
DA:156,2
DA:159,2
DA:160,6
DA:161,1
DA:162,1
DA:163,0
DA:164,0
DA:165,0
DA:166,0
DA:167,0
DA:168,0
DA:178,2
DA:179,2
DA:180,4
DA:185,0
DA:192,2
DA:197,4
DA:200,3
DA:201,4
DA:202,0
DA:205,2
DA:206,1
DA:208,1
DA:211,2
DA:212,3
DA:215,4
DA:222,1
DA:224,2
DA:225,1
DA:228,2
DA:230,2
DA:231,5
DA:232,1
DA:235,5
DA:236,1
DA:239,0
DA:240,0
DA:244,2
DA:246,2
DA:247,2
DA:248,1
DA:249,3
DA:250,2
DA:251,0
DA:252,0
DA:255,1
DA:256,3
DA:257,2
DA:258,0
DA:259,0
DA:264,3
LF:108
LH:88
end_of_record
SF:lib/features/wallpaper/bloc/home_bloc.dart
DA:23,1
DA:30,0
DA:32,0
DA:33,0
DA:34,0
DA:36,0
DA:37,1
DA:38,2
DA:39,2
DA:40,2
DA:41,2
DA:42,2
DA:43,2
DA:46,1
DA:47,2
DA:48,1
DA:51,1
DA:52,2
DA:53,1
DA:56,0
DA:57,0
DA:60,0
DA:61,0
DA:64,0
DA:68,0
DA:71,0
DA:77,0
DA:78,0
DA:81,0
DA:86,0
DA:87,0
DA:88,0
DA:90,0
DA:93,1
DA:97,2
DA:100,2
DA:101,2
DA:103,2
DA:105,2
DA:107,2
DA:109,1
DA:110,2
DA:112,0
DA:114,0
DA:115,0
DA:121,1
DA:122,1
DA:123,1
DA:125,1
DA:126,2
DA:136,1
DA:137,1
DA:138,1
DA:139,1
DA:140,0
DA:144,0
DA:149,2
DA:151,1
DA:154,3
DA:155,1
DA:158,2
DA:160,2
DA:162,4
DA:163,1
DA:169,1
DA:170,1
DA:171,1
DA:174,1
DA:175,1
DA:176,1
DA:177,1
DA:178,4
DA:181,0
DA:182,0
DA:185,1
DA:186,2
DA:196,0
DA:200,1
DA:201,1
DA:202,1
DA:203,1
DA:204,1
DA:205,0
DA:206,0
DA:209,0
DA:210,0
DA:211,0
DA:216,3
DA:217,3
DA:218,1
DA:219,3
DA:225,0
DA:227,0
DA:229,0
DA:232,0
DA:234,0
DA:235,0
DA:236,0
DA:239,0
DA:240,0
DA:248,0
DA:249,0
DA:250,0
DA:251,0
DA:252,0
DA:253,0
DA:254,0
DA:259,0
DA:262,0
DA:263,0
DA:268,1
DA:269,2
DA:270,1
DA:271,6
DA:275,3
DA:276,0
DA:278,3
DA:279,1
DA:280,1
DA:282,3
DA:283,1
DA:288,4
DA:291,3
DA:294,0
DA:301,0
DA:303,0
DA:304,0
DA:305,0
DA:306,0
DA:307,0
DA:308,0
DA:309,0
DA:311,0
DA:318,0
DA:321,0
DA:322,0
DA:325,0
DA:326,0
DA:329,0
DA:331,0
DA:332,0
DA:333,0
DA:334,0
DA:335,0
DA:340,0
DA:344,1
DA:346,2
DA:347,1
DA:348,3
DA:351,3
DA:358,3
DA:359,2
DA:360,2
DA:362,2
DA:364,1
DA:366,2
DA:367,2
DA:370,1
DA:371,3
DA:377,0
DA:378,0
DA:379,0
DA:380,0
DA:382,0
DA:389,1
DA:396,1
LF:166
LH:87
end_of_record
SF:lib/features/wallpaper/domain/usecases/request_initial_permissions.dart
DA:7,1
DA:8,0
DA:10,1
DA:11,2
LF:4
LH:3
end_of_record
SF:lib/services/permissions/permission_service_impl.dart
DA:5,0
DA:13,0
DA:15,0
DA:18,0
DA:20,0
DA:22,0
DA:25,0
DA:27,0
LF:8
LH:0
end_of_record
SF:lib/features/wallpaper/screens/home_screen.dart
DA:17,2
DA:18,1
DA:19,1
DA:26,1
DA:28,1
DA:29,2
DA:30,2
DA:33,1
DA:35,2
DA:36,2
DA:37,1
DA:40,0
DA:42,0
DA:43,0
DA:44,0
DA:45,0
DA:46,0
DA:48,0
DA:51,0
DA:55,1
DA:57,3
DA:58,2
DA:64,3
DA:66,2
DA:67,1
DA:71,2
DA:72,1
DA:77,0
DA:78,0
DA:79,0
DA:83,4
DA:87,0
DA:88,0
DA:90,0
DA:94,0
DA:95,0
DA:97,0
DA:101,0
DA:102,0
DA:103,0
DA:104,0
DA:106,0
DA:107,0
DA:109,0
DA:111,0
DA:112,0
DA:114,0
DA:116,0
DA:117,0
DA:122,1
DA:124,1
DA:132,1
DA:135,1
DA:137,1
DA:138,1
DA:139,2
DA:140,2
DA:141,2
DA:142,4
DA:146,1
DA:147,1
DA:149,1
DA:152,1
DA:153,1
DA:156,1
DA:163,1
DA:164,1
DA:165,1
DA:168,1
DA:169,1
DA:172,1
DA:176,0
DA:177,0
DA:178,0
DA:179,0
DA:180,0
DA:185,1
DA:186,0
DA:187,0
DA:188,0
DA:190,0
DA:191,0
DA:193,0
DA:194,0
DA:195,0
DA:196,0
DA:197,0
DA:201,0
DA:204,1
DA:207,1
DA:208,1
DA:211,1
DA:215,0
DA:216,0
DA:217,0
DA:219,0
DA:220,0
DA:223,0
DA:224,0
DA:228,0
DA:230,0
DA:231,0
DA:234,0
DA:238,0
DA:240,0
DA:241,0
DA:244,0
DA:255,1
DA:256,0
DA:257,0
DA:258,0
DA:260,0
DA:261,0
DA:265,0
DA:266,0
DA:267,0
DA:268,0
DA:269,0
DA:270,0
DA:277,1
DA:283,2
DA:284,1
DA:285,1
DA:286,0
DA:287,1
DA:288,1
DA:291,1
DA:294,0
DA:296,0
DA:297,0
DA:306,2
DA:307,1
DA:308,0
DA:309,0
DA:310,1
DA:311,2
DA:312,1
DA:313,1
DA:314,1
DA:315,1
DA:318,0
DA:319,0
DA:320,0
DA:324,0
DA:325,0
LF:145
LH:63
end_of_record
SF:lib/widgets/carousel.dart
DA:14,3
DA:16,1
DA:17,3
DA:19,1
DA:20,1
DA:36,0
DA:40,0
DA:41,0
DA:43,0
DA:44,0
DA:51,1
DA:53,1
DA:56,1
DA:58,1
DA:61,0
DA:62,0
DA:63,0
DA:66,1
DA:69,1
DA:71,3
DA:72,3
DA:73,1
DA:77,1
DA:78,2
DA:79,0
DA:81,2
DA:82,2
DA:83,2
DA:87,1
DA:89,4
DA:90,1
DA:94,1
DA:96,4
DA:97,3
DA:100,1
DA:102,3
DA:105,1
DA:106,0
DA:107,0
DA:110,1
DA:111,0
DA:114,4
DA:115,3
DA:118,3
DA:120,0
DA:122,2
DA:125,4
DA:128,1
DA:129,1
DA:132,4
DA:136,1
DA:137,1
DA:138,3
DA:139,0
DA:141,0
DA:142,0
DA:145,0
DA:148,1
DA:149,4
LF:59
LH:42
end_of_record
SF:lib/widgets/crop_info_dialog.dart
DA:9,0
DA:11,0
DA:13,0
DA:14,0
DA:16,0
DA:17,0
DA:22,0
DA:23,0
DA:24,0
DA:25,0
DA:26,0
DA:27,0
DA:33,0
DA:35,0
DA:36,0
DA:37,0
DA:40,0
DA:43,0
DA:46,0
DA:47,0
DA:48,0
DA:49,0
DA:50,0
DA:51,0
DA:52,0
DA:54,0
DA:56,0
DA:57,0
DA:58,0
DA:59,0
DA:60,0
DA:62,0
DA:64,0
DA:65,0
DA:69,0
DA:70,0
DA:71,0
DA:72,0
DA:78,0
DA:79,0
DA:81,0
DA:84,0
DA:85,0
DA:87,0
DA:88,0
LF:45
LH:0
end_of_record
SF:lib/widgets/image_info_sheet.dart
DA:9,0
DA:11,0
DA:13,0
DA:15,0
DA:16,0
DA:19,0
DA:20,0
DA:21,0
DA:26,0
DA:27,0
DA:28,0
DA:29,0
DA:30,0
DA:31,0
DA:32,0
DA:34,0
DA:39,0
DA:41,0
DA:51,0
DA:52,0
DA:53,0
DA:54,0
DA:62,0
LF:23
LH:0
end_of_record
SF:lib/features/wallpaper/screens/widgets/home_loading_state.dart
DA:5,6
DA:7,0
DA:9,0
DA:10,0
DA:12,0
DA:15,0
DA:16,0
DA:24,0
DA:25,0
LF:9
LH:1
end_of_record
SF:lib/widgets/carousel_item.dart
DA:13,2
DA:15,1
DA:16,1
DA:25,1
DA:27,1
DA:28,1
DA:30,1
DA:31,3
DA:34,0
DA:36,0
DA:37,0
DA:38,0
DA:42,1
DA:44,2
DA:45,1
DA:48,0
DA:49,0
DA:50,0
DA:53,0
DA:54,0
DA:55,0
DA:56,0
DA:57,0
DA:63,0
DA:64,0
DA:67,1
DA:68,4
DA:70,0
DA:71,0
DA:72,0
DA:77,1
DA:78,4
DA:79,4
DA:82,1
DA:83,1
DA:84,1
DA:86,1
DA:87,1
DA:88,0
DA:89,0
DA:90,0
DA:91,0
DA:97,0
DA:101,1
DA:103,1
DA:105,1
DA:107,1
DA:109,3
DA:112,1
DA:117,0
DA:126,1
DA:127,2
DA:128,1
DA:129,1
DA:132,3
DA:133,3
DA:135,1
DA:136,0
DA:137,0
DA:141,0
DA:142,0
DA:145,1
DA:148,1
DA:149,1
DA:150,1
DA:154,2
DA:164,0
DA:165,0
DA:166,0
DA:167,0
DA:177,0
DA:179,0
DA:181,0
DA:183,0
DA:184,0
DA:189,0
DA:190,0
DA:191,0
DA:192,0
DA:194,0
DA:195,0
DA:196,0
DA:199,0
DA:201,0
DA:203,0
DA:206,0
DA:208,0
DA:209,0
LF:88
LH:39
end_of_record
SF:lib/features/smart_crop/cache/intelligent_cache_eviction_policy.dart
DA:9,1
DA:12,1
DA:14,2
DA:18,1
DA:21,1
DA:22,1
DA:23,1
DA:24,1
DA:27,1
DA:30,1
DA:40,1
DA:41,0
DA:42,0
DA:45,0
DA:47,0
DA:48,0
DA:52,0
DA:53,0
DA:54,0
DA:56,0
DA:57,0
DA:58,0
DA:59,0
DA:64,1
DA:67,1
DA:70,0
DA:74,0
DA:80,1
DA:82,2
DA:85,1
DA:94,1
DA:95,1
DA:96,1
DA:97,1
DA:98,1
DA:100,2
DA:102,2
DA:105,1
DA:111,1
DA:112,1
DA:113,1
DA:114,1
DA:115,3
DA:116,1
DA:117,1
DA:118,1
DA:119,3
DA:122,1
DA:123,1
DA:124,1
DA:125,1
DA:127,1
LF:52
LH:38
end_of_record
SF:lib/features/smart_crop/cache/intelligent_cache_models.dart
DA:10,0
DA:19,0
DA:20,0
DA:21,0
DA:24,0
DA:26,0
DA:27,0
DA:28,0
DA:39,1
DA:46,0
DA:48,0
DA:50,0
DA:51,0
DA:65,1
DA:75,0
DA:76,0
DA:77,0
DA:79,0
DA:81,0
DA:82,0
DA:83,0
LF:21
LH:2
end_of_record
SF:lib/features/smart_crop/utils/performance_budget_calculator.dart
DA:6,0
DA:7,0
DA:9,0
DA:11,0
DA:19,1
DA:26,1
DA:28,1
DA:33,1
DA:35,4
DA:40,1
DA:41,3
LF:11
LH:7
end_of_record
